<?xml version="1.0" encoding="UTF-8" ?>
<testsuites>
  <testsuite errors="0" failures="0" hostname="gilmore" id="0" name="SelfTestEclipseGuice" package="com.simontuffs.onejar.guice.test" tests="1" time="0.733" timestamp="2010-06-16T02:56:37">
      <properties>
[...]
</properties>

      <testcase classname="com.simontuffs.onejar.guice.test.SelfTestEclipseGuice" name="testEclipseGuice" time="0.655" />

      <system-out><![CDATA[command=java -jar build/test-eclipse-guice.jar
status=0
***** out *****
Hello from Guice classloader=java.net.URLClassLoader@c17164
***** err *****

]]></system-out>

      <system-err><![CDATA[]]></system-err>

  </testsuite>
  <testsuite errors="0" failures="0" hostname="gilmore" id="1" name="SelfTest$Macro" package="com.simontuffs.onejar.test" tests="25" time="0.234" timestamp="2010-06-16T02:56:24">
      <properties>
[...]
</properties>

      <testcase classname="com.simontuffs.onejar.test.SelfTest" name="testUseUtil" time="0.0" />

      <testcase classname="com.simontuffs.onejar.test.SelfTest" name="testDumpResource" time="0.016" />

      <testcase classname="com.simontuffs.onejar.test.SelfTest" name="testDumpDuplicateResource" time="0.0" />

      <testcase classname="com.simontuffs.onejar.test.SelfTest" name="testDumpRelativeResource" time="0.0" />

      <testcase classname="com.simontuffs.onejar.test.SelfTest" name="testClassLoader" time="0.016" />

      <testcase classname="com.simontuffs.onejar.test.SelfTest" name="testClassURL" time="0.0" />

      <testcase classname="com.simontuffs.onejar.test.SelfTest" name="testResourceURL" time="0.015" />

      <testcase classname="com.simontuffs.onejar.test.SelfTest" name="testResourceRelativeURL" time="0.0" />

      <testcase classname="com.simontuffs.onejar.test.SelfTest" name="testFindResourcesInMainJar" time="0.0" />

      <testcase classname="com.simontuffs.onejar.test.SelfTest" name="testFindResourcesInJars" time="0.0" />

      <testcase classname="com.simontuffs.onejar.test.SelfTest" name="testImageIcon" time="0.047" />

      <testcase classname="com.simontuffs.onejar.test.SelfTest" name="testLoadCodeSource" time="0.0" />

      <testcase classname="com.simontuffs.onejar.test.SelfTest" name="testPackageName" time="0.0" />

      <testcase classname="com.simontuffs.onejar.test.SelfTest" name="testLibPackageName" time="0.0" />

      <testcase classname="com.simontuffs.onejar.test.SelfTest" name="testGetResourceAsStream" time="0.016" />

      <testcase classname="com.simontuffs.onejar.test.SelfTest" name="testGetResource" time="0.015" />

      <testcase classname="com.simontuffs.onejar.test.SelfTest" name="testServices" time="0.0" />

      <testcase classname="com.simontuffs.onejar.test.SelfTest" name="testExpanded" time="0.0" />

      <testcase classname="com.simontuffs.onejar.test.SelfTest" name="testContentType" time="0.016" />

      <testcase classname="com.simontuffs.onejar.test.SelfTest" name="testHtmlAnchor" time="0.0" />

      <testcase classname="com.simontuffs.onejar.test.SelfTest" name="testExpand" time="0.0" />

      <testcase classname="com.simontuffs.onejar.test.SelfTest" name="testLogging" time="0.0" />

      <testcase classname="com.simontuffs.onejar.test.SelfTest" name="testExternal" time="0.0" />

      <testcase classname="com.simontuffs.onejar.test.SelfTest" name="testFindAllManifestMfs" time="0.015" />

      <testcase classname="com.simontuffs.onejar.test.SelfTest" name="testRelativeURL" time="0.016" />

      <system-out><![CDATA[Boot: Checking C:\eclipse\projects\com.simontuffs\one-jar\dist\one-jar-example-0.97-macro.jar as One-Jar file
JarClassLoader: load(null,C:/eclipse/projects/com.simontuffs/one-jar/dist/one-jar-example-0.97-macro.jar)
JarClassLoader: One-Jar-Expand=expand,doc,file.txt
JarClassLoader: caching META-INF/MANIFEST.MF
JarClassLoader: using jarFile.getInputStream(META-INF/MANIFEST.MF)
JarClassLoader: caching .version
JarClassLoader: using jarFile.getInputStream(.version)
JarClassLoader: caching OneJar.class
JarClassLoader: using jarFile.getInputStream(OneJar.class)
JarClassLoader: caching com/simontuffs/onejar/Boot$1.class
JarClassLoader: using jarFile.getInputStream(com/simontuffs/onejar/Boot$1.class)
JarClassLoader: caching com/simontuffs/onejar/Boot$2.class
JarClassLoader: using jarFile.getInputStream(com/simontuffs/onejar/Boot$2.class)
JarClassLoader: caching com/simontuffs/onejar/Boot$3.class
JarClassLoader: using jarFile.getInputStream(com/simontuffs/onejar/Boot$3.class)
JarClassLoader: caching com/simontuffs/onejar/Boot.class
JarClassLoader: using jarFile.getInputStream(com/simontuffs/onejar/Boot.class)
JarClassLoader: caching com/simontuffs/onejar/Handler$1.class
JarClassLoader: using jarFile.getInputStream(com/simontuffs/onejar/Handler$1.class)
JarClassLoader: caching com/simontuffs/onejar/Handler.class
JarClassLoader: using jarFile.getInputStream(com/simontuffs/onejar/Handler.class)
JarClassLoader: caching com/simontuffs/onejar/IProperties.class
JarClassLoader: using jarFile.getInputStream(com/simontuffs/onejar/IProperties.class)
JarClassLoader: caching com/simontuffs/onejar/JarClassLoader$1.class
JarClassLoader: using jarFile.getInputStream(com/simontuffs/onejar/JarClassLoader$1.class)
JarClassLoader: caching com/simontuffs/onejar/JarClassLoader$2.class
JarClassLoader: using jarFile.getInputStream(com/simontuffs/onejar/JarClassLoader$2.class)
JarClassLoader: caching com/simontuffs/onejar/JarClassLoader$ByteCode.class
JarClassLoader: using jarFile.getInputStream(com/simontuffs/onejar/JarClassLoader$ByteCode.class)
JarClassLoader: caching com/simontuffs/onejar/JarClassLoader$FileURLFactory$1.class
JarClassLoader: using jarFile.getInputStream(com/simontuffs/onejar/JarClassLoader$FileURLFactory$1.class)
JarClassLoader: caching com/simontuffs/onejar/JarClassLoader$FileURLFactory.class
JarClassLoader: using jarFile.getInputStream(com/simontuffs/onejar/JarClassLoader$FileURLFactory.class)
JarClassLoader: caching com/simontuffs/onejar/JarClassLoader$IURLFactory.class
JarClassLoader: using jarFile.getInputStream(com/simontuffs/onejar/JarClassLoader$IURLFactory.class)
JarClassLoader: caching com/simontuffs/onejar/JarClassLoader$OneJarURLFactory.class
JarClassLoader: using jarFile.getInputStream(com/simontuffs/onejar/JarClassLoader$OneJarURLFactory.class)
JarClassLoader: caching com/simontuffs/onejar/JarClassLoader.class
JarClassLoader: using jarFile.getInputStream(com/simontuffs/onejar/JarClassLoader.class)
JarClassLoader: caching com/simontuffs/onejar/OneJarFile$1.class
JarClassLoader: using jarFile.getInputStream(com/simontuffs/onejar/OneJarFile$1.class)
JarClassLoader: caching com/simontuffs/onejar/OneJarFile$2.class
JarClassLoader: using jarFile.getInputStream(com/simontuffs/onejar/OneJarFile$2.class)
JarClassLoader: caching com/simontuffs/onejar/OneJarFile.class
JarClassLoader: using jarFile.getInputStream(com/simontuffs/onejar/OneJarFile.class)
JarClassLoader: caching com/simontuffs/onejar/OneJarURLConnection.class
JarClassLoader: using jarFile.getInputStream(com/simontuffs/onejar/OneJarURLConnection.class)
JarClassLoader: Up-to-date: doc/one-jar-license.txt
JarClassLoader: caching doc/one-jar-license.txt
JarClassLoader: using jarFile.getInputStream(doc/one-jar-license.txt)
JarClassLoader: caching lib/english.jar
JarClassLoader: using jarFile.getInputStream(lib/english.jar)
JarClassLoader: cached bytes for local name lib/english.jar/services/
JarClassLoader: cached bytes for entry name services/
JarClassLoader: cached bytes for local name lib/english.jar/services/com/
JarClassLoader: cached bytes for entry name services/com/
JarClassLoader: cached bytes for local name lib/english.jar/services/com/simontuffs/
JarClassLoader: cached bytes for entry name services/com/simontuffs/
JarClassLoader: cached bytes for local name lib/english.jar/services/com/simontuffs/onejar/
JarClassLoader: cached bytes for entry name services/com/simontuffs/onejar/
JarClassLoader: cached bytes for local name lib/english.jar/services/com/simontuffs/onejar/services/
JarClassLoader: cached bytes for entry name services/com/simontuffs/onejar/services/
JarClassLoader: cached bytes for local name lib/english.jar/services/com/simontuffs/onejar/services/english/
JarClassLoader: cached bytes for entry name services/com/simontuffs/onejar/services/english/
JarClassLoader: cached bytes for class services/com/simontuffs/onejar/services/english/HelloService$1.class
JarClassLoader: cached bytes for class services/com/simontuffs/onejar/services/english/HelloService.class
JarClassLoader: cached bytes for local name lib/english.jar/META-INF/services/
JarClassLoader: cached bytes for entry name META-INF/services/
JarClassLoader: cached bytes for local name lib/english.jar/META-INF/services/com.simontuffs.onejar.services.IHelloService
JarClassLoader: cached bytes for entry name META-INF/services/com.simontuffs.onejar.services.IHelloService
JarClassLoader: cached bytes for local name lib/english.jar/META-INF/MANIFEST.MF
JarClassLoader: cached bytes for entry name META-INF/MANIFEST.MF
JarClassLoader: caching lib/french.jar
JarClassLoader: using jarFile.getInputStream(lib/french.jar)
JarClassLoader: cached bytes for local name lib/french.jar/services/
JarClassLoader: services/ in lib/french.jar is hidden by lib/english.jar (with same bytecode)
JarClassLoader: cached bytes for local name lib/french.jar/services/com/
JarClassLoader: services/com/ in lib/french.jar is hidden by lib/english.jar (with same bytecode)
JarClassLoader: cached bytes for local name lib/french.jar/services/com/simontuffs/
JarClassLoader: services/com/simontuffs/ in lib/french.jar is hidden by lib/english.jar (with same bytecode)
JarClassLoader: cached bytes for local name lib/french.jar/services/com/simontuffs/onejar/
JarClassLoader: services/com/simontuffs/onejar/ in lib/french.jar is hidden by lib/english.jar (with same bytecode)
JarClassLoader: cached bytes for local name lib/french.jar/services/com/simontuffs/onejar/services/
JarClassLoader: services/com/simontuffs/onejar/services/ in lib/french.jar is hidden by lib/english.jar (with same bytecode)
JarClassLoader: cached bytes for local name lib/french.jar/services/com/simontuffs/onejar/services/french/
JarClassLoader: cached bytes for entry name services/com/simontuffs/onejar/services/french/
JarClassLoader: cached bytes for class services/com/simontuffs/onejar/services/french/HelloService$1.class
JarClassLoader: cached bytes for class services/com/simontuffs/onejar/services/french/HelloService.class
JarClassLoader: cached bytes for local name lib/french.jar/META-INF/services/
JarClassLoader: META-INF/services/ in lib/french.jar is hidden by lib/english.jar (with same bytecode)
JarClassLoader: cached bytes for local name lib/french.jar/META-INF/services/com.simontuffs.onejar.services.IHelloService
JarClassLoader: META-INF/services/com.simontuffs.onejar.services.IHelloService in lib/french.jar is hidden by lib/english.jar (with same bytecode)
JarClassLoader: cached bytes for local name lib/french.jar/META-INF/MANIFEST.MF
JarClassLoader: META-INF/MANIFEST.MF in lib/french.jar is hidden by lib/english.jar (with same bytecode)
JarClassLoader: caching lib/german.jar
JarClassLoader: using jarFile.getInputStream(lib/german.jar)
JarClassLoader: cached bytes for local name lib/german.jar/services/
JarClassLoader: services/ in lib/german.jar is hidden by lib/english.jar (with same bytecode)
JarClassLoader: cached bytes for local name lib/german.jar/services/com/
JarClassLoader: services/com/ in lib/german.jar is hidden by lib/english.jar (with same bytecode)
JarClassLoader: cached bytes for local name lib/german.jar/services/com/simontuffs/
JarClassLoader: services/com/simontuffs/ in lib/german.jar is hidden by lib/english.jar (with same bytecode)
JarClassLoader: cached bytes for local name lib/german.jar/services/com/simontuffs/onejar/
JarClassLoader: services/com/simontuffs/onejar/ in lib/german.jar is hidden by lib/english.jar (with same bytecode)
JarClassLoader: cached bytes for local name lib/german.jar/services/com/simontuffs/onejar/services/
JarClassLoader: services/com/simontuffs/onejar/services/ in lib/german.jar is hidden by lib/english.jar (with same bytecode)
JarClassLoader: cached bytes for local name lib/german.jar/services/com/simontuffs/onejar/services/german/
JarClassLoader: cached bytes for entry name services/com/simontuffs/onejar/services/german/
JarClassLoader: cached bytes for class services/com/simontuffs/onejar/services/german/HelloService$1.class
JarClassLoader: cached bytes for class services/com/simontuffs/onejar/services/german/HelloService.class
JarClassLoader: cached bytes for local name lib/german.jar/META-INF/services/
JarClassLoader: META-INF/services/ in lib/german.jar is hidden by lib/english.jar (with same bytecode)
JarClassLoader: cached bytes for local name lib/german.jar/META-INF/services/com.simontuffs.onejar.services.IHelloService
JarClassLoader: META-INF/services/com.simontuffs.onejar.services.IHelloService in lib/german.jar is hidden by lib/english.jar (with same bytecode)
JarClassLoader: cached bytes for local name lib/german.jar/META-INF/MANIFEST.MF
JarClassLoader: META-INF/MANIFEST.MF in lib/german.jar is hidden by lib/english.jar (with same bytecode)
JarClassLoader: caching lib/util.jar
JarClassLoader: using jarFile.getInputStream(lib/util.jar)
JarClassLoader: cached bytes for local name lib/util.jar/com/
JarClassLoader: cached bytes for entry name com/
JarClassLoader: cached bytes for local name lib/util.jar/com/simontuffs/
JarClassLoader: cached bytes for entry name com/simontuffs/
JarClassLoader: cached bytes for local name lib/util.jar/com/simontuffs/onejar/
JarClassLoader: cached bytes for entry name com/simontuffs/onejar/
JarClassLoader: cached bytes for local name lib/util.jar/com/simontuffs/onejar/example/
JarClassLoader: cached bytes for entry name com/simontuffs/onejar/example/
JarClassLoader: cached bytes for local name lib/util.jar/com/simontuffs/onejar/example/util/
JarClassLoader: cached bytes for entry name com/simontuffs/onejar/example/util/
JarClassLoader: cached bytes for class com/simontuffs/onejar/example/util/Duplicate.class
JarClassLoader: cached bytes for class com/simontuffs/onejar/example/util/Util$InnerClass.class
JarClassLoader: cached bytes for class com/simontuffs/onejar/example/util/Util$NeverUsedClass.class
JarClassLoader: cached bytes for class com/simontuffs/onejar/example/util/Util$StaticInnerClass.class
JarClassLoader: cached bytes for class com/simontuffs/onejar/example/util/Util.class
JarClassLoader: cached bytes for local name lib/util.jar/com/simontuffs/onejar/example/util/Duplicate.java
JarClassLoader: cached bytes for entry name com/simontuffs/onejar/example/util/Duplicate.java
JarClassLoader: cached bytes for local name lib/util.jar/com/simontuffs/onejar/example/util/Util.java
JarClassLoader: cached bytes for entry name com/simontuffs/onejar/example/util/Util.java
JarClassLoader: cached bytes for local name lib/util.jar/duplicate.txt
JarClassLoader: cached bytes for entry name duplicate.txt
JarClassLoader: cached bytes for local name lib/util.jar/util-manifest.mf
JarClassLoader: cached bytes for entry name util-manifest.mf
JarClassLoader: cached bytes for local name lib/util.jar/META-INF/MANIFEST.MF
JarClassLoader: META-INF/MANIFEST.MF in lib/util.jar is hidden by lib/english.jar (with same bytecode)
JarClassLoader: caching main/main.jar
JarClassLoader: using jarFile.getInputStream(main/main.jar)
JarClassLoader: cached bytes for local name main/main.jar/com/
JarClassLoader: com/ in main/main.jar is hidden by lib/util.jar (with same bytecode)
JarClassLoader: cached bytes for local name main/main.jar/com/simontuffs/
JarClassLoader: com/simontuffs/ in main/main.jar is hidden by lib/util.jar (with same bytecode)
JarClassLoader: cached bytes for local name main/main.jar/com/simontuffs/onejar/
JarClassLoader: com/simontuffs/onejar/ in main/main.jar is hidden by lib/util.jar (with same bytecode)
JarClassLoader: cached bytes for local name main/main.jar/com/simontuffs/onejar/example/
JarClassLoader: com/simontuffs/onejar/example/ in main/main.jar is hidden by lib/util.jar (with same bytecode)
JarClassLoader: cached bytes for local name main/main.jar/com/simontuffs/onejar/example/main/
JarClassLoader: cached bytes for entry name com/simontuffs/onejar/example/main/
JarClassLoader: cached bytes for local name main/main.jar/com/simontuffs/onejar/example/main/resources/
JarClassLoader: cached bytes for entry name com/simontuffs/onejar/example/main/resources/
JarClassLoader: cached bytes for local name main/main.jar/com/simontuffs/onejar/example/util/
JarClassLoader: com/simontuffs/onejar/example/util/ in main/main.jar is hidden by lib/util.jar (with same bytecode)
JarClassLoader: cached bytes for local name main/main.jar/images/
JarClassLoader: cached bytes for entry name images/
JarClassLoader: cached bytes for class com/simontuffs/onejar/example/main/Main.class
JarClassLoader: cached bytes for local name main/main.jar/com/simontuffs/onejar/example/main/Main.java
JarClassLoader: cached bytes for entry name com/simontuffs/onejar/example/main/Main.java
JarClassLoader: cached bytes for class com/simontuffs/onejar/example/main/Test$TestLoader.class
JarClassLoader: cached bytes for class com/simontuffs/onejar/example/main/Test.class
JarClassLoader: cached bytes for local name main/main.jar/com/simontuffs/onejar/example/main/Test.java
JarClassLoader: cached bytes for entry name com/simontuffs/onejar/example/main/Test.java
JarClassLoader: cached bytes for local name main/main.jar/com/simontuffs/onejar/example/main/button.mail.1.gif
JarClassLoader: cached bytes for entry name com/simontuffs/onejar/example/main/button.mail.1.gif
JarClassLoader: cached bytes for local name main/main.jar/com/simontuffs/onejar/example/main/main.txt
JarClassLoader: cached bytes for entry name com/simontuffs/onejar/example/main/main.txt
JarClassLoader: cached bytes for local name main/main.jar/com/simontuffs/onejar/example/main/resources/resource-1.txt
JarClassLoader: cached bytes for entry name com/simontuffs/onejar/example/main/resources/resource-1.txt
JarClassLoader: cached bytes for local name main/main.jar/com/simontuffs/onejar/example/main/test.properties
JarClassLoader: cached bytes for entry name com/simontuffs/onejar/example/main/test.properties
JarClassLoader: cached bytes for local name main/main.jar/com/simontuffs/onejar/example/main/x1.txt
JarClassLoader: cached bytes for entry name com/simontuffs/onejar/example/main/x1.txt
JarClassLoader: cached bytes for local name main/main.jar/com/simontuffs/onejar/example/main/x2.txt
JarClassLoader: cached bytes for entry name com/simontuffs/onejar/example/main/x2.txt
JarClassLoader: com/simontuffs/onejar/example/util/Duplicate.class in main/main.jar is hidden by lib/util.jar (with same bytecode)
JarClassLoader: cached bytes for local name main/main.jar/com/simontuffs/onejar/example/util/Duplicate.java
JarClassLoader: com/simontuffs/onejar/example/util/Duplicate.java in main/main.jar is hidden by lib/util.jar (with same bytecode)
JarClassLoader: cached bytes for local name main/main.jar/duplicate.txt
JarClassLoader: Info: duplicate.txt in main/main.jar is hidden by lib/util.jar (with different bytes)
JarClassLoader: cached bytes for local name main/main.jar/images/button.mail.gif
JarClassLoader: cached bytes for entry name images/button.mail.gif
JarClassLoader: cached bytes for local name main/main.jar/index.html
JarClassLoader: cached bytes for entry name index.html
JarClassLoader: cached bytes for local name main/main.jar/main-manifest.mf
JarClassLoader: cached bytes for entry name main-manifest.mf
JarClassLoader: cached bytes for local name main/main.jar/one-jar.policy
JarClassLoader: cached bytes for entry name one-jar.policy
JarClassLoader: cached bytes for local name main/main.jar/META-INF/MANIFEST.MF
JarClassLoader: META-INF/MANIFEST.MF in main/main.jar is hidden by lib/english.jar (with same bytecode)
JarClassLoader: caching wrap/wraploader.jar
JarClassLoader: using jarFile.getInputStream(wrap/wraploader.jar)
JarClassLoader: cached bytes for local name wrap/wraploader.jar/com/
JarClassLoader: com/ in wrap/wraploader.jar is hidden by lib/util.jar (with same bytecode)
JarClassLoader: cached bytes for local name wrap/wraploader.jar/com/simontuffs/
JarClassLoader: com/simontuffs/ in wrap/wraploader.jar is hidden by lib/util.jar (with same bytecode)
JarClassLoader: cached bytes for local name wrap/wraploader.jar/com/simontuffs/onejar/
JarClassLoader: com/simontuffs/onejar/ in wrap/wraploader.jar is hidden by lib/util.jar (with same bytecode)
JarClassLoader: cached bytes for class com/simontuffs/onejar/DetectClassLoader.class
JarClassLoader: cached bytes for local name wrap/wraploader.jar/com/simontuffs/onejar/DetectClassLoader.java
JarClassLoader: cached bytes for entry name com/simontuffs/onejar/DetectClassLoader.java
JarClassLoader: cached bytes for local name wrap/wraploader.jar/META-INF/MANIFEST.MF
JarClassLoader: META-INF/MANIFEST.MF in wrap/wraploader.jar is hidden by lib/english.jar (with same bytecode)
JarClassLoader: caching OneJar.java
JarClassLoader: using jarFile.getInputStream(OneJar.java)
JarClassLoader: caching boot-manifest.mf
JarClassLoader: using jarFile.getInputStream(boot-manifest.mf)
JarClassLoader: caching com/simontuffs/onejar/Boot.java
JarClassLoader: using jarFile.getInputStream(com/simontuffs/onejar/Boot.java)
JarClassLoader: caching com/simontuffs/onejar/Handler.java
JarClassLoader: using jarFile.getInputStream(com/simontuffs/onejar/Handler.java)
JarClassLoader: caching com/simontuffs/onejar/IProperties.java
JarClassLoader: using jarFile.getInputStream(com/simontuffs/onejar/IProperties.java)
JarClassLoader: caching com/simontuffs/onejar/JarClassLoader.java
JarClassLoader: using jarFile.getInputStream(com/simontuffs/onejar/JarClassLoader.java)
JarClassLoader: caching com/simontuffs/onejar/OneJarFile.java
JarClassLoader: using jarFile.getInputStream(com/simontuffs/onejar/OneJarFile.java)
JarClassLoader: caching com/simontuffs/onejar/OneJarURLConnection.java
JarClassLoader: using jarFile.getInputStream(com/simontuffs/onejar/OneJarURLConnection.java)
JarClassLoader: caching com/simontuffs/onejar/test/Testable.class
JarClassLoader: using jarFile.getInputStream(com/simontuffs/onejar/test/Testable.class)
JarClassLoader: caching detectloader.mf
JarClassLoader: using jarFile.getInputStream(detectloader.mf)
JarClassLoader: caching duplicate.txt
JarClassLoader: using jarFile.getInputStream(duplicate.txt)
JarClassLoader: caching example-manifest-external.mf
JarClassLoader: using jarFile.getInputStream(example-manifest-external.mf)
JarClassLoader: caching example-manifest.mf
JarClassLoader: using jarFile.getInputStream(example-manifest.mf)
JarClassLoader: Info: Expanding:  expand/expand.txt
JarClassLoader: Info: Update because lastModified=Tue Jun 15 19:55:35 PDT 2010, entry=Tue Jun 15 19:56:24 PDT 2010
JarClassLoader: using jarFile.getInputStream(expand/expand.txt)
JarClassLoader: caching expand/expand.txt
JarClassLoader: using jarFile.getInputStream(expand/expand.txt)
JarClassLoader: Info: Expanding:  expand/subdir/expand-subdir.txt
JarClassLoader: Info: Update because lastModified=Tue Jun 15 19:55:35 PDT 2010, entry=Tue Jun 15 19:56:24 PDT 2010
JarClassLoader: using jarFile.getInputStream(expand/subdir/expand-subdir.txt)
JarClassLoader: caching expand/subdir/expand-subdir.txt
JarClassLoader: using jarFile.getInputStream(expand/subdir/expand-subdir.txt)
JarClassLoader: caching extloader.mf
JarClassLoader: using jarFile.getInputStream(extloader.mf)
JarClassLoader: Info: Expanding:  file.txt
JarClassLoader: Info: Update because lastModified=Tue Jun 15 19:55:35 PDT 2010, entry=Tue Jun 15 19:56:24 PDT 2010
JarClassLoader: using jarFile.getInputStream(file.txt)
JarClassLoader: caching file.txt
JarClassLoader: using jarFile.getInputStream(file.txt)
JarClassLoader: findClass(com.simontuffs.onejar.example.main.Test)
JarClassLoader: found com.simontuffs.onejar.example.main.Test in codebase 'main/main.jar'
JarClassLoader: defineClass(com.simontuffs.onejar.example.main.Test)
Test: loaded by com.simontuffs.onejar.JarClassLoader@b6ece5
Test: codesource is jar:file:/C:/eclipse/projects/com.simontuffs/one-jar/dist/one-jar-example-0.97-macro.jar!/main/main.jar
Test: java.class.path=C:\eclipse\projects\com.simontuffs\one-jar\dist\one-jar-example-0.97-macro.jar;C:\eclipse\projects\com.simontuffs\one-jar\lib\junit-3.8.1.jar;C:\eclipse\projects\com.simontuffs\one-jar\build\ant\test;C:\eclipse\projects\com.simontuffs\one-jar;C:\PROGRA~1\JMF21~1.1E\lib\sound.jar;C:\PROGRA~1\JMF21~1.1E\lib\jmf.jar;C:\PROGRA~1\JMF21~1.1E\lib;C:\eclipse\eclipse-3.5\eclipse\plugins\org.apache.ant_1.7.1.v20090120-1145\lib\ant-launcher.jar;C:\eclipse\eclipse-3.5\eclipse\plugins\org.apache.ant_1.7.1.v20090120-1145\lib\ant.jar;C:\eclipse\eclipse-3.5\eclipse\plugins\org.apache.ant_1.7.1.v20090120-1145\lib\ant-junit.jar
JarClassLoader: findResource(META-INF/services/javax.xml.parsers.DocumentBuilderFactory)
JarClassLoader: resource META-INF/services/javax.xml.parsers.DocumentBuilderFactory resolved to null (unknown codebase)
JarClassLoader: Info: findResource(): unable to locate META-INF/services/javax.xml.parsers.DocumentBuilderFactory
JarClassLoader: findClass(com.simontuffs.onejar.example.util.Util)
JarClassLoader: found com.simontuffs.onejar.example.util.Util in codebase 'lib/util.jar'
JarClassLoader: defineClass(com.simontuffs.onejar.example.util.Util)
Util: loaded by com.simontuffs.onejar.JarClassLoader@b6ece5
Util.sayHello()
Test.useResource(/duplicate.txt) OK
-------------------------------------------
This is an example of a duplicate resource file named duplicate.txt in the top-level jar.
-------------------------------------------

JarClassLoader: findClass(com.simontuffs.onejar.example.util.Util$InnerClass)
JarClassLoader: found com.simontuffs.onejar.example.util.Util$InnerClass in codebase 'lib/util.jar'
JarClassLoader: defineClass(com.simontuffs.onejar.example.util.Util$InnerClass)
Util.InnerClass loaded by com.simontuffs.onejar.JarClassLoader@b6ece5
Util.variable=0
JarClassLoader: findClass(com.simontuffs.onejar.example.util.Util$StaticInnerClass)
JarClassLoader: found com.simontuffs.onejar.example.util.Util$StaticInnerClass in codebase 'lib/util.jar'
JarClassLoader: defineClass(com.simontuffs.onejar.example.util.Util$StaticInnerClass)
Util.StaticInnerClass loaded by com.simontuffs.onejar.JarClassLoader@b6ece5

Test.testUseUtil() OK
JarClassLoader: findResource(main-manifest.mf)
JarClassLoader: resource main-manifest.mf resolved to main-manifest.mf (unknown codebase)
JarClassLoader: Info: findResource() found: main-manifest.mf for caller null in codebase main/main.jar
JarClassLoader: FileURLFactory: url=jar:file:/C:/eclipse/projects/com.simontuffs/one-jar/dist/one-jar-example-0.97-macro.jar!/main/main.jar!/main-manifest.mf
Test.useResource(/main-manifest.mf) OK
testDumpResource: /main-manifest.mf
-------------------------------------------
Manifest-Version: 1.0
Main-Class: com.simontuffs.onejar.example.main.Main
Implementation-Title: main-manifest.mf Implementation-Title
Implementation-Vendor: main-manifest.mf Implementation-Vendor
Implementation-Vendor-Id: main-manifest.mf Implementation-Vendor-Id
Implementation-URL: main-manifest.mf Implementation-URL
Specification-Title: main-manifest.mf Specification-Title
Specification-Version: main-manifest.mf Specification-Version
Specification-Vendor: main-manifest.mf Specification-Vendor
Sealed: false

-------------------------------------------
Test.useResource(/duplicate.txt) OK
testDumpResource: /duplicate.txt
-------------------------------------------
This is an example of a duplicate resource file named duplicate.txt in the top-level jar.
-------------------------------------------
JarClassLoader: findResource(com/simontuffs/onejar/example/main/main.txt)
JarClassLoader: resource com/simontuffs/onejar/example/main/main.txt resolved to com/simontuffs/onejar/example/main/main.txt (unknown codebase)
JarClassLoader: Info: findResource() found: com/simontuffs/onejar/example/main/main.txt for caller null in codebase main/main.jar
JarClassLoader: FileURLFactory: url=jar:file:/C:/eclipse/projects/com.simontuffs/one-jar/dist/one-jar-example-0.97-macro.jar!/main/main.jar!/com/simontuffs/onejar/example/main/main.txt
Test.useResource(main.txt) OK
testDumpResource: main.txt
-------------------------------------------
This is main.txt
-------------------------------------------
testClassLoader(): Creating new TestLoader()
JarClassLoader: findClass(com.simontuffs.onejar.example.main.Test$TestLoader)
JarClassLoader: found com.simontuffs.onejar.example.main.Test$TestLoader in codebase 'main/main.jar'
JarClassLoader: defineClass(com.simontuffs.onejar.example.main.Test$TestLoader)
testClassLoader(): loading com.simontuffs.onejar.example.util.Util
TestLoader.loadClass(com.simontuffs.onejar.example.util.Util)
testClassURL(): Opening onejar resource using new URL(onejar:/com/simontuffs/onejar/example/main/Main.class)
JarClassLoader: getByteStream(/com/simontuffs/onejar/example/main/Main.class)
JarClassLoader: resource com/simontuffs/onejar/example/main/Main.class resolved to com/simontuffs/onejar/example/main/Main.class (unknown codebase)
JarClassLoader: getByteStream(/com/simontuffs/onejar/example/main/Main.class) -> java.io.ByteArrayInputStream@18e3e60
testClassURL(): Opened: onejar:/com/simontuffs/onejar/example/main/Main.class
testClassURL(): OK.
testClassURL(): opening using getResource(/com/simontuffs/onejar/example/main/Main.class)
JarClassLoader: findResource(com/simontuffs/onejar/example/main/Main.class)
JarClassLoader: resource com/simontuffs/onejar/example/main/Main.class resolved to com/simontuffs/onejar/example/main/Main.class (unknown codebase)
JarClassLoader: Info: findResource() found: com/simontuffs/onejar/example/main/Main.class for caller null in codebase main/main.jar
JarClassLoader: FileURLFactory: url=jar:file:/C:/eclipse/projects/com.simontuffs/one-jar/dist/one-jar-example-0.97-macro.jar!/main/main.jar!/com/simontuffs/onejar/example/main/Main.class
testClassURL(): Opened: jar:file:/C:/eclipse/projects/com.simontuffs/one-jar/dist/one-jar-example-0.97-macro.jar!/main/main.jar!/com/simontuffs/onejar/example/main/Main.class
testClassURL(): OK.
testResourceURL(): Opening onejar resource using new URL(onejar:/images/button.mail.gif)
JarClassLoader: getByteStream(/images/button.mail.gif)
JarClassLoader: resource images/button.mail.gif resolved to images/button.mail.gif (unknown codebase)
JarClassLoader: getByteStream(/images/button.mail.gif) -> java.io.ByteArrayInputStream@181afa3
testResourceURL(): Opened: onejar:/images/button.mail.gif
testResourceURL(): OK.
testResourceURL(): opening using getResource(/images/button.mail.gif)
JarClassLoader: findResource(images/button.mail.gif)
JarClassLoader: resource images/button.mail.gif resolved to images/button.mail.gif (unknown codebase)
JarClassLoader: Info: findResource() found: images/button.mail.gif for caller null in codebase main/main.jar
JarClassLoader: FileURLFactory: url=jar:file:/C:/eclipse/projects/com.simontuffs/one-jar/dist/one-jar-example-0.97-macro.jar!/main/main.jar!/images/button.mail.gif
testResourceURL(): Opened: jar:file:/C:/eclipse/projects/com.simontuffs/one-jar/dist/one-jar-example-0.97-macro.jar!/main/main.jar!/images/button.mail.gif
testResourceURL(): OK.
testResourceRelativeURL(): opening using getResource(button.mail.1.gif)
JarClassLoader: findResource(com/simontuffs/onejar/example/main/button.mail.1.gif)
JarClassLoader: resource com/simontuffs/onejar/example/main/button.mail.1.gif resolved to com/simontuffs/onejar/example/main/button.mail.1.gif (unknown codebase)
JarClassLoader: Info: findResource() found: com/simontuffs/onejar/example/main/button.mail.1.gif for caller null in codebase main/main.jar
JarClassLoader: FileURLFactory: url=jar:file:/C:/eclipse/projects/com.simontuffs/one-jar/dist/one-jar-example-0.97-macro.jar!/main/main.jar!/com/simontuffs/onejar/example/main/button.mail.1.gif
testResourceRelativeURL(): Opened: jar:file:/C:/eclipse/projects/com.simontuffs/one-jar/dist/one-jar-example-0.97-macro.jar!/main/main.jar!/com/simontuffs/onejar/example/main/button.mail.1.gif
testResourceRelativeURL(): OK.
classloader=com.simontuffs.onejar.JarClassLoader@b6ece5
JarClassLoader: Info: findResources(index.html)
JarClassLoader: Info: findResources: looking in [wrap/wraploader.jar, main/main.jar, lib/util.jar, lib/english.jar, lib/german.jar, lib/french.jar]
JarClassLoader: FileURLFactory: url=jar:file:/C:/eclipse/projects/com.simontuffs/one-jar/dist/one-jar-example-0.97-macro.jar!/main/main.jar!/index.html
JarClassLoader: Info: findResources(): Adding jar:file:/C:/eclipse/projects/com.simontuffs/one-jar/dist/one-jar-example-0.97-macro.jar!/main/main.jar!/index.html to resources list.
testFindResourcesInJars(): jar:file:/C:/eclipse/projects/com.simontuffs/one-jar/dist/one-jar-example-0.97-macro.jar!/main/main.jar!/index.html
testFindResourcesInJars(): OK.
classloader=com.simontuffs.onejar.JarClassLoader@b6ece5
JarClassLoader: Info: findResources(duplicate.txt)
JarClassLoader: Info: findResources: looking in [wrap/wraploader.jar, main/main.jar, lib/util.jar, lib/english.jar, lib/german.jar, lib/french.jar]
JarClassLoader: FileURLFactory: url=jar:file:/C:/eclipse/projects/com.simontuffs/one-jar/dist/one-jar-example-0.97-macro.jar!/main/main.jar!/duplicate.txt
JarClassLoader: Info: findResources(): Adding jar:file:/C:/eclipse/projects/com.simontuffs/one-jar/dist/one-jar-example-0.97-macro.jar!/main/main.jar!/duplicate.txt to resources list.
JarClassLoader: FileURLFactory: url=jar:file:/C:/eclipse/projects/com.simontuffs/one-jar/dist/one-jar-example-0.97-macro.jar!/lib/util.jar!/duplicate.txt
JarClassLoader: Info: findResources(): Adding jar:file:/C:/eclipse/projects/com.simontuffs/one-jar/dist/one-jar-example-0.97-macro.jar!/lib/util.jar!/duplicate.txt to resources list.
testFindResourcesInJars: jar:file:/C:/eclipse/projects/com.simontuffs/one-jar/dist/one-jar-example-0.97-macro.jar!/duplicate.txt
testFindResourcesInJars: jar:file:/C:/eclipse/projects/com.simontuffs/one-jar/dist/one-jar-example-0.97-macro.jar!/main/main.jar!/duplicate.txt
testFindResourcesInJars: jar:file:/C:/eclipse/projects/com.simontuffs/one-jar/dist/one-jar-example-0.97-macro.jar!/lib/util.jar!/duplicate.txt
testFindResourcesInJars(): OK.
JarClassLoader: findResource(com/simontuffs/onejar/example/main/button.mail.1.gif)
JarClassLoader: resource com/simontuffs/onejar/example/main/button.mail.1.gif resolved to com/simontuffs/onejar/example/main/button.mail.1.gif (unknown codebase)
JarClassLoader: Info: findResource() found: com/simontuffs/onejar/example/main/button.mail.1.gif for caller null in codebase main/main.jar
JarClassLoader: FileURLFactory: url=jar:file:/C:/eclipse/projects/com.simontuffs/one-jar/dist/one-jar-example-0.97-macro.jar!/main/main.jar!/com/simontuffs/onejar/example/main/button.mail.1.gif
testImageIcon(): loaded image url OK: jar:file:/C:/eclipse/projects/com.simontuffs/one-jar/dist/one-jar-example-0.97-macro.jar!/main/main.jar!/com/simontuffs/onejar/example/main/button.mail.1.gif
testImageIcon(): loaded image OK: jar:file:/C:/eclipse/projects/com.simontuffs/one-jar/dist/one-jar-example-0.97-macro.jar!/main/main.jar!/com/simontuffs/onejar/example/main/button.mail.1.gif
testLoadCodeSource(): dumping entries in jar:file:/C:/eclipse/projects/com.simontuffs/one-jar/dist/one-jar-example-0.97-macro.jar!/main/main.jar
testPackageName() ok: com.simontuffs.onejar.example.main
testPackageName() ok: com.simontuffs.onejar.example.util
JarClassLoader: findResource(main-manifest.mf)
JarClassLoader: resource main-manifest.mf resolved to main-manifest.mf (unknown codebase)
JarClassLoader: Info: findResource() found: main-manifest.mf for caller null in codebase main/main.jar
JarClassLoader: FileURLFactory: url=jar:file:/C:/eclipse/projects/com.simontuffs/one-jar/dist/one-jar-example-0.97-macro.jar!/main/main.jar!/main-manifest.mf
testGetResourceAsStream(): OK: able to load /main-manifest.mf using Test.class.getResourceAsStream()
JarClassLoader: findResource(/main-manifest.mf)
JarClassLoader: resource main-manifest.mf resolved to main-manifest.mf (unknown codebase)
JarClassLoader: Info: findResource() found: /main-manifest.mf for caller null in codebase main/main.jar
JarClassLoader: FileURLFactory: url=jar:file:/C:/eclipse/projects/com.simontuffs/one-jar/dist/one-jar-example-0.97-macro.jar!/main/main.jar!//main-manifest.mf
testGetResourceAsStream(): OK: unable to load /main-manifest.mf using Test.class.getClassLoader().getResourceAsStream()
JarClassLoader: findResource(main-manifest.mf)
JarClassLoader: resource main-manifest.mf resolved to main-manifest.mf (unknown codebase)
JarClassLoader: Info: findResource() found: main-manifest.mf for caller null in codebase main/main.jar
JarClassLoader: FileURLFactory: url=jar:file:/C:/eclipse/projects/com.simontuffs/one-jar/dist/one-jar-example-0.97-macro.jar!/main/main.jar!/main-manifest.mf
testGetResourceAsStream(): OK: able to load main-manifest.mf using Test.class.getClassLoader().getResourceAsStream()
JarClassLoader: findResource(com/simontuffs/onejar/example/main/main-manifest.mf)
JarClassLoader: resource com/simontuffs/onejar/example/main/main-manifest.mf resolved to null (unknown codebase)
JarClassLoader: Info: findResource(): unable to locate com/simontuffs/onejar/example/main/main-manifest.mf
testGetResourceAsStream(): OK: unable to load main-manifest.mf using Test.class.getResourceAsStream()
testGetResourceAsStream(): OK: unable to load stream using ClassLoader.class.getResourceAsStream()
JarClassLoader: findResource(com/simontuffs/onejar/example/main/resources/resource-1.txt)
JarClassLoader: resource com/simontuffs/onejar/example/main/resources/resource-1.txt resolved to com/simontuffs/onejar/example/main/resources/resource-1.txt (unknown codebase)
JarClassLoader: Info: findResource() found: com/simontuffs/onejar/example/main/resources/resource-1.txt for caller null in codebase main/main.jar
JarClassLoader: FileURLFactory: url=jar:file:/C:/eclipse/projects/com.simontuffs/one-jar/dist/one-jar-example-0.97-macro.jar!/main/main.jar!/com/simontuffs/onejar/example/main/resources/resource-1.txt
testGetResource(): OK: able to load resources/resource-1.txt using Test.class().getResource().openStream()
JarClassLoader: Info: findResources(META-INF/services/com.simontuffs.onejar.services.IHelloService)
JarClassLoader: Info: findResources: looking in [wrap/wraploader.jar, main/main.jar, lib/util.jar, lib/english.jar, lib/german.jar, lib/french.jar]
JarClassLoader: FileURLFactory: url=jar:file:/C:/eclipse/projects/com.simontuffs/one-jar/dist/one-jar-example-0.97-macro.jar!/lib/english.jar!/META-INF/services/com.simontuffs.onejar.services.IHelloService
JarClassLoader: Info: findResources(): Adding jar:file:/C:/eclipse/projects/com.simontuffs/one-jar/dist/one-jar-example-0.97-macro.jar!/lib/english.jar!/META-INF/services/com.simontuffs.onejar.services.IHelloService to resources list.
JarClassLoader: FileURLFactory: url=jar:file:/C:/eclipse/projects/com.simontuffs/one-jar/dist/one-jar-example-0.97-macro.jar!/lib/german.jar!/META-INF/services/com.simontuffs.onejar.services.IHelloService
JarClassLoader: Info: findResources(): Adding jar:file:/C:/eclipse/projects/com.simontuffs/one-jar/dist/one-jar-example-0.97-macro.jar!/lib/german.jar!/META-INF/services/com.simontuffs.onejar.services.IHelloService to resources list.
JarClassLoader: FileURLFactory: url=jar:file:/C:/eclipse/projects/com.simontuffs/one-jar/dist/one-jar-example-0.97-macro.jar!/lib/french.jar!/META-INF/services/com.simontuffs.onejar.services.IHelloService
JarClassLoader: Info: findResources(): Adding jar:file:/C:/eclipse/projects/com.simontuffs/one-jar/dist/one-jar-example-0.97-macro.jar!/lib/french.jar!/META-INF/services/com.simontuffs.onejar.services.IHelloService to resources list.
testServices(): found jar:file:/C:/eclipse/projects/com.simontuffs/one-jar/dist/one-jar-example-0.97-macro.jar!/lib/english.jar!/META-INF/services/com.simontuffs.onejar.services.IHelloService
testServices(): found jar:file:/C:/eclipse/projects/com.simontuffs/one-jar/dist/one-jar-example-0.97-macro.jar!/lib/german.jar!/META-INF/services/com.simontuffs.onejar.services.IHelloService
testServices(): found jar:file:/C:/eclipse/projects/com.simontuffs/one-jar/dist/one-jar-example-0.97-macro.jar!/lib/french.jar!/META-INF/services/com.simontuffs.onejar.services.IHelloService
testServices(): OK: found 3 services
testExpanded(): checking expanded files
testExpanded(): Found: doc/
testExpanded(): Found: doc/one-jar-license.txt
testExpanded(): Found: expand/
testExpanded(): Found: expand/subdir/
testExpanded(): Found: expand/expand.txt
testExpanded(): Found: expand/subdir/expand-subdir.txt
testExpanded(): Found: file.txt
JarClassLoader: getByteStream(index.html)
JarClassLoader: resource index.html resolved to index.html (unknown codebase)
JarClassLoader: getByteStream(index.html) -> java.io.ByteArrayInputStream@2bbd86
testHtmlAnchor(): found URL with anchor OK: onejar:index.html#anchor
testExpand(): found 'expand' OK
JarClassLoader: Info: findResources(META-INF/MANIFEST.MF)
JarClassLoader: Info: findResources: looking in [wrap/wraploader.jar, main/main.jar, lib/util.jar, lib/english.jar, lib/german.jar, lib/french.jar]
JarClassLoader: FileURLFactory: url=jar:file:/C:/eclipse/projects/com.simontuffs/one-jar/dist/one-jar-example-0.97-macro.jar!/wrap/wraploader.jar!/META-INF/MANIFEST.MF
JarClassLoader: Info: findResources(): Adding jar:file:/C:/eclipse/projects/com.simontuffs/one-jar/dist/one-jar-example-0.97-macro.jar!/wrap/wraploader.jar!/META-INF/MANIFEST.MF to resources list.
JarClassLoader: FileURLFactory: url=jar:file:/C:/eclipse/projects/com.simontuffs/one-jar/dist/one-jar-example-0.97-macro.jar!/main/main.jar!/META-INF/MANIFEST.MF
JarClassLoader: Info: findResources(): Adding jar:file:/C:/eclipse/projects/com.simontuffs/one-jar/dist/one-jar-example-0.97-macro.jar!/main/main.jar!/META-INF/MANIFEST.MF to resources list.
JarClassLoader: FileURLFactory: url=jar:file:/C:/eclipse/projects/com.simontuffs/one-jar/dist/one-jar-example-0.97-macro.jar!/lib/util.jar!/META-INF/MANIFEST.MF
JarClassLoader: Info: findResources(): Adding jar:file:/C:/eclipse/projects/com.simontuffs/one-jar/dist/one-jar-example-0.97-macro.jar!/lib/util.jar!/META-INF/MANIFEST.MF to resources list.
JarClassLoader: FileURLFactory: url=jar:file:/C:/eclipse/projects/com.simontuffs/one-jar/dist/one-jar-example-0.97-macro.jar!/lib/english.jar!/META-INF/MANIFEST.MF
JarClassLoader: Info: findResources(): Adding jar:file:/C:/eclipse/projects/com.simontuffs/one-jar/dist/one-jar-example-0.97-macro.jar!/lib/english.jar!/META-INF/MANIFEST.MF to resources list.
JarClassLoader: FileURLFactory: url=jar:file:/C:/eclipse/projects/com.simontuffs/one-jar/dist/one-jar-example-0.97-macro.jar!/lib/german.jar!/META-INF/MANIFEST.MF
JarClassLoader: Info: findResources(): Adding jar:file:/C:/eclipse/projects/com.simontuffs/one-jar/dist/one-jar-example-0.97-macro.jar!/lib/german.jar!/META-INF/MANIFEST.MF to resources list.
JarClassLoader: FileURLFactory: url=jar:file:/C:/eclipse/projects/com.simontuffs/one-jar/dist/one-jar-example-0.97-macro.jar!/lib/french.jar!/META-INF/MANIFEST.MF
JarClassLoader: Info: findResources(): Adding jar:file:/C:/eclipse/projects/com.simontuffs/one-jar/dist/one-jar-example-0.97-macro.jar!/lib/french.jar!/META-INF/MANIFEST.MF to resources list.
testFindAllManifestMfs(): found: jar:file:/C:/Program%20Files/Java/jdk1.6.0_10/jre/lib/ext/sound.jar!/META-INF/MANIFEST.MF
testFindAllManifestMfs(): found: jar:file:/C:/eclipse/projects/com.simontuffs/one-jar/dist/one-jar-example-0.97-macro.jar!/META-INF/MANIFEST.MF
testFindAllManifestMfs(): found: jar:file:/C:/eclipse/projects/com.simontuffs/one-jar/lib/junit-3.8.1.jar!/META-INF/MANIFEST.MF
testFindAllManifestMfs(): found: jar:file:/C:/Program%20Files/JMF2.1.1e/lib/sound.jar!/META-INF/MANIFEST.MF
testFindAllManifestMfs(): found: jar:file:/C:/eclipse/eclipse-3.5/eclipse/plugins/org.apache.ant_1.7.1.v20090120-1145/lib/ant-launcher.jar!/META-INF/MANIFEST.MF
testFindAllManifestMfs(): found: jar:file:/C:/eclipse/eclipse-3.5/eclipse/plugins/org.apache.ant_1.7.1.v20090120-1145/lib/ant.jar!/META-INF/MANIFEST.MF
testFindAllManifestMfs(): found: jar:file:/C:/eclipse/eclipse-3.5/eclipse/plugins/org.apache.ant_1.7.1.v20090120-1145/lib/ant-junit.jar!/META-INF/MANIFEST.MF
testFindAllManifestMfs(): found: jar:file:/C:/eclipse/projects/com.simontuffs/one-jar/dist/one-jar-example-0.97-macro.jar!/wrap/wraploader.jar!/META-INF/MANIFEST.MF
testFindAllManifestMfs(): found: jar:file:/C:/eclipse/projects/com.simontuffs/one-jar/dist/one-jar-example-0.97-macro.jar!/main/main.jar!/META-INF/MANIFEST.MF
testFindAllManifestMfs(): found: jar:file:/C:/eclipse/projects/com.simontuffs/one-jar/dist/one-jar-example-0.97-macro.jar!/lib/util.jar!/META-INF/MANIFEST.MF
testFindAllManifestMfs(): found: jar:file:/C:/eclipse/projects/com.simontuffs/one-jar/dist/one-jar-example-0.97-macro.jar!/lib/english.jar!/META-INF/MANIFEST.MF
testFindAllManifestMfs(): found: jar:file:/C:/eclipse/projects/com.simontuffs/one-jar/dist/one-jar-example-0.97-macro.jar!/lib/german.jar!/META-INF/MANIFEST.MF
testFindAllManifestMfs(): found: jar:file:/C:/eclipse/projects/com.simontuffs/one-jar/dist/one-jar-example-0.97-macro.jar!/lib/french.jar!/META-INF/MANIFEST.MF
testFindAllManifestMfs(): OK: found 4 or more manifests
JarClassLoader: findResource(com/simontuffs/onejar/example/main/x1.txt)
JarClassLoader: resource com/simontuffs/onejar/example/main/x1.txt resolved to com/simontuffs/onejar/example/main/x1.txt (unknown codebase)
JarClassLoader: Info: findResource() found: com/simontuffs/onejar/example/main/x1.txt for caller null in codebase main/main.jar
JarClassLoader: FileURLFactory: url=jar:file:/C:/eclipse/projects/com.simontuffs/one-jar/dist/one-jar-example-0.97-macro.jar!/main/main.jar!/com/simontuffs/onejar/example/main/x1.txt
testRelativeURL: url1=jar:file:/C:/eclipse/projects/com.simontuffs/one-jar/dist/one-jar-example-0.97-macro.jar!/main/main.jar!/com/simontuffs/onejar/example/main/x1.txt
url2=jar:file:/C:/eclipse/projects/com.simontuffs/one-jar/dist/one-jar-example-0.97-macro.jar!/main/main.jar!/com/simontuffs/onejar/example/main/x2.txt
]]></system-out>

      <system-err><![CDATA[Jun 15, 2010 7:56:24 PM com.simontuffs.onejar.example.main.Test testLogging
INFO: testLogging(): Logging is working
]]></system-err>

  </testsuite>
  <testsuite errors="0" failures="0" hostname="gilmore" id="2" name="SelfTest$Task" package="com.simontuffs.onejar.test" tests="25" time="0.234" timestamp="2010-06-16T02:56:21">
      <properties>
[...]
</properties>

      <testcase classname="com.simontuffs.onejar.test.SelfTest" name="testUseUtil" time="0.0" />

      <testcase classname="com.simontuffs.onejar.test.SelfTest" name="testDumpResource" time="0.016" />

      <testcase classname="com.simontuffs.onejar.test.SelfTest" name="testDumpDuplicateResource" time="0.0" />

      <testcase classname="com.simontuffs.onejar.test.SelfTest" name="testDumpRelativeResource" time="0.0" />

      <testcase classname="com.simontuffs.onejar.test.SelfTest" name="testClassLoader" time="0.015" />

      <testcase classname="com.simontuffs.onejar.test.SelfTest" name="testClassURL" time="0.0" />

      <testcase classname="com.simontuffs.onejar.test.SelfTest" name="testResourceURL" time="0.016" />

      <testcase classname="com.simontuffs.onejar.test.SelfTest" name="testResourceRelativeURL" time="0.0" />

      <testcase classname="com.simontuffs.onejar.test.SelfTest" name="testFindResourcesInMainJar" time="0.0" />

      <testcase classname="com.simontuffs.onejar.test.SelfTest" name="testFindResourcesInJars" time="0.0" />

      <testcase classname="com.simontuffs.onejar.test.SelfTest" name="testImageIcon" time="0.047" />

      <testcase classname="com.simontuffs.onejar.test.SelfTest" name="testLoadCodeSource" time="0.0" />

      <testcase classname="com.simontuffs.onejar.test.SelfTest" name="testPackageName" time="0.0" />

      <testcase classname="com.simontuffs.onejar.test.SelfTest" name="testLibPackageName" time="0.0" />

      <testcase classname="com.simontuffs.onejar.test.SelfTest" name="testGetResourceAsStream" time="0.031" />

      <testcase classname="com.simontuffs.onejar.test.SelfTest" name="testGetResource" time="0.0" />

      <testcase classname="com.simontuffs.onejar.test.SelfTest" name="testServices" time="0.015" />

      <testcase classname="com.simontuffs.onejar.test.SelfTest" name="testExpanded" time="0.0" />

      <testcase classname="com.simontuffs.onejar.test.SelfTest" name="testContentType" time="0.0" />

      <testcase classname="com.simontuffs.onejar.test.SelfTest" name="testHtmlAnchor" time="0.0" />

      <testcase classname="com.simontuffs.onejar.test.SelfTest" name="testExpand" time="0.0" />

      <testcase classname="com.simontuffs.onejar.test.SelfTest" name="testLogging" time="0.016" />

      <testcase classname="com.simontuffs.onejar.test.SelfTest" name="testExternal" time="0.0" />

      <testcase classname="com.simontuffs.onejar.test.SelfTest" name="testFindAllManifestMfs" time="0.016" />

      <testcase classname="com.simontuffs.onejar.test.SelfTest" name="testRelativeURL" time="0.0" />

      <system-out><![CDATA[Boot: Checking C:\eclipse\projects\com.simontuffs\one-jar\dist\one-jar-example-0.97.jar as One-Jar file
JarClassLoader: load(null,C:/eclipse/projects/com.simontuffs/one-jar/dist/one-jar-example-0.97.jar)
JarClassLoader: One-Jar-Expand=expand,doc,file.txt
JarClassLoader: caching META-INF/MANIFEST.MF
JarClassLoader: using jarFile.getInputStream(META-INF/MANIFEST.MF)
JarClassLoader: Up-to-date: doc/one-jar-license.txt
JarClassLoader: caching doc/one-jar-license.txt
JarClassLoader: using jarFile.getInputStream(doc/one-jar-license.txt)
JarClassLoader: caching .version
JarClassLoader: using jarFile.getInputStream(.version)
JarClassLoader: caching OneJar.class
JarClassLoader: using jarFile.getInputStream(OneJar.class)
JarClassLoader: caching com/simontuffs/onejar/Boot$1.class
JarClassLoader: using jarFile.getInputStream(com/simontuffs/onejar/Boot$1.class)
JarClassLoader: caching com/simontuffs/onejar/Boot$2.class
JarClassLoader: using jarFile.getInputStream(com/simontuffs/onejar/Boot$2.class)
JarClassLoader: caching com/simontuffs/onejar/Boot$3.class
JarClassLoader: using jarFile.getInputStream(com/simontuffs/onejar/Boot$3.class)
JarClassLoader: caching com/simontuffs/onejar/Boot.class
JarClassLoader: using jarFile.getInputStream(com/simontuffs/onejar/Boot.class)
JarClassLoader: caching com/simontuffs/onejar/Handler$1.class
JarClassLoader: using jarFile.getInputStream(com/simontuffs/onejar/Handler$1.class)
JarClassLoader: caching com/simontuffs/onejar/Handler.class
JarClassLoader: using jarFile.getInputStream(com/simontuffs/onejar/Handler.class)
JarClassLoader: caching com/simontuffs/onejar/IProperties.class
JarClassLoader: using jarFile.getInputStream(com/simontuffs/onejar/IProperties.class)
JarClassLoader: caching com/simontuffs/onejar/JarClassLoader$1.class
JarClassLoader: using jarFile.getInputStream(com/simontuffs/onejar/JarClassLoader$1.class)
JarClassLoader: caching com/simontuffs/onejar/JarClassLoader$2.class
JarClassLoader: using jarFile.getInputStream(com/simontuffs/onejar/JarClassLoader$2.class)
JarClassLoader: caching com/simontuffs/onejar/JarClassLoader$ByteCode.class
JarClassLoader: using jarFile.getInputStream(com/simontuffs/onejar/JarClassLoader$ByteCode.class)
JarClassLoader: caching com/simontuffs/onejar/JarClassLoader$FileURLFactory$1.class
JarClassLoader: using jarFile.getInputStream(com/simontuffs/onejar/JarClassLoader$FileURLFactory$1.class)
JarClassLoader: caching com/simontuffs/onejar/JarClassLoader$FileURLFactory.class
JarClassLoader: using jarFile.getInputStream(com/simontuffs/onejar/JarClassLoader$FileURLFactory.class)
JarClassLoader: caching com/simontuffs/onejar/JarClassLoader$IURLFactory.class
JarClassLoader: using jarFile.getInputStream(com/simontuffs/onejar/JarClassLoader$IURLFactory.class)
JarClassLoader: caching com/simontuffs/onejar/JarClassLoader$OneJarURLFactory.class
JarClassLoader: using jarFile.getInputStream(com/simontuffs/onejar/JarClassLoader$OneJarURLFactory.class)
JarClassLoader: caching com/simontuffs/onejar/JarClassLoader.class
JarClassLoader: using jarFile.getInputStream(com/simontuffs/onejar/JarClassLoader.class)
JarClassLoader: caching com/simontuffs/onejar/OneJarFile$1.class
JarClassLoader: using jarFile.getInputStream(com/simontuffs/onejar/OneJarFile$1.class)
JarClassLoader: caching com/simontuffs/onejar/OneJarFile$2.class
JarClassLoader: using jarFile.getInputStream(com/simontuffs/onejar/OneJarFile$2.class)
JarClassLoader: caching com/simontuffs/onejar/OneJarFile.class
JarClassLoader: using jarFile.getInputStream(com/simontuffs/onejar/OneJarFile.class)
JarClassLoader: caching com/simontuffs/onejar/OneJarURLConnection.class
JarClassLoader: using jarFile.getInputStream(com/simontuffs/onejar/OneJarURLConnection.class)
JarClassLoader: caching OneJar.java
JarClassLoader: using jarFile.getInputStream(OneJar.java)
JarClassLoader: caching boot-manifest.mf
JarClassLoader: using jarFile.getInputStream(boot-manifest.mf)
JarClassLoader: caching com/simontuffs/onejar/Boot.java
JarClassLoader: using jarFile.getInputStream(com/simontuffs/onejar/Boot.java)
JarClassLoader: caching com/simontuffs/onejar/Handler.java
JarClassLoader: using jarFile.getInputStream(com/simontuffs/onejar/Handler.java)
JarClassLoader: caching com/simontuffs/onejar/IProperties.java
JarClassLoader: using jarFile.getInputStream(com/simontuffs/onejar/IProperties.java)
JarClassLoader: caching com/simontuffs/onejar/JarClassLoader.java
JarClassLoader: using jarFile.getInputStream(com/simontuffs/onejar/JarClassLoader.java)
JarClassLoader: caching com/simontuffs/onejar/OneJarFile.java
JarClassLoader: using jarFile.getInputStream(com/simontuffs/onejar/OneJarFile.java)
JarClassLoader: caching com/simontuffs/onejar/OneJarURLConnection.java
JarClassLoader: using jarFile.getInputStream(com/simontuffs/onejar/OneJarURLConnection.java)
JarClassLoader: caching detectloader.mf
JarClassLoader: using jarFile.getInputStream(detectloader.mf)
JarClassLoader: caching duplicate.txt
JarClassLoader: using jarFile.getInputStream(duplicate.txt)
JarClassLoader: caching example-manifest-external.mf
JarClassLoader: using jarFile.getInputStream(example-manifest-external.mf)
JarClassLoader: caching example-manifest.mf
JarClassLoader: using jarFile.getInputStream(example-manifest.mf)
JarClassLoader: caching extloader.mf
JarClassLoader: using jarFile.getInputStream(extloader.mf)
JarClassLoader: Up-to-date: expand/expand.txt
JarClassLoader: caching expand/expand.txt
JarClassLoader: using jarFile.getInputStream(expand/expand.txt)
JarClassLoader: Up-to-date: expand/subdir/expand-subdir.txt
JarClassLoader: caching expand/subdir/expand-subdir.txt
JarClassLoader: using jarFile.getInputStream(expand/subdir/expand-subdir.txt)
JarClassLoader: Up-to-date: file.txt
JarClassLoader: caching file.txt
JarClassLoader: using jarFile.getInputStream(file.txt)
JarClassLoader: caching lib/english.jar
JarClassLoader: using jarFile.getInputStream(lib/english.jar)
JarClassLoader: cached bytes for local name lib/english.jar/services/
JarClassLoader: cached bytes for entry name services/
JarClassLoader: cached bytes for local name lib/english.jar/services/com/
JarClassLoader: cached bytes for entry name services/com/
JarClassLoader: cached bytes for local name lib/english.jar/services/com/simontuffs/
JarClassLoader: cached bytes for entry name services/com/simontuffs/
JarClassLoader: cached bytes for local name lib/english.jar/services/com/simontuffs/onejar/
JarClassLoader: cached bytes for entry name services/com/simontuffs/onejar/
JarClassLoader: cached bytes for local name lib/english.jar/services/com/simontuffs/onejar/services/
JarClassLoader: cached bytes for entry name services/com/simontuffs/onejar/services/
JarClassLoader: cached bytes for local name lib/english.jar/services/com/simontuffs/onejar/services/english/
JarClassLoader: cached bytes for entry name services/com/simontuffs/onejar/services/english/
JarClassLoader: cached bytes for class services/com/simontuffs/onejar/services/english/HelloService$1.class
JarClassLoader: cached bytes for class services/com/simontuffs/onejar/services/english/HelloService.class
JarClassLoader: cached bytes for local name lib/english.jar/META-INF/services/
JarClassLoader: cached bytes for entry name META-INF/services/
JarClassLoader: cached bytes for local name lib/english.jar/META-INF/services/com.simontuffs.onejar.services.IHelloService
JarClassLoader: cached bytes for entry name META-INF/services/com.simontuffs.onejar.services.IHelloService
JarClassLoader: cached bytes for local name lib/english.jar/META-INF/MANIFEST.MF
JarClassLoader: cached bytes for entry name META-INF/MANIFEST.MF
JarClassLoader: caching lib/french.jar
JarClassLoader: using jarFile.getInputStream(lib/french.jar)
JarClassLoader: cached bytes for local name lib/french.jar/services/
JarClassLoader: services/ in lib/french.jar is hidden by lib/english.jar (with same bytecode)
JarClassLoader: cached bytes for local name lib/french.jar/services/com/
JarClassLoader: services/com/ in lib/french.jar is hidden by lib/english.jar (with same bytecode)
JarClassLoader: cached bytes for local name lib/french.jar/services/com/simontuffs/
JarClassLoader: services/com/simontuffs/ in lib/french.jar is hidden by lib/english.jar (with same bytecode)
JarClassLoader: cached bytes for local name lib/french.jar/services/com/simontuffs/onejar/
JarClassLoader: services/com/simontuffs/onejar/ in lib/french.jar is hidden by lib/english.jar (with same bytecode)
JarClassLoader: cached bytes for local name lib/french.jar/services/com/simontuffs/onejar/services/
JarClassLoader: services/com/simontuffs/onejar/services/ in lib/french.jar is hidden by lib/english.jar (with same bytecode)
JarClassLoader: cached bytes for local name lib/french.jar/services/com/simontuffs/onejar/services/french/
JarClassLoader: cached bytes for entry name services/com/simontuffs/onejar/services/french/
JarClassLoader: cached bytes for class services/com/simontuffs/onejar/services/french/HelloService$1.class
JarClassLoader: cached bytes for class services/com/simontuffs/onejar/services/french/HelloService.class
JarClassLoader: cached bytes for local name lib/french.jar/META-INF/services/
JarClassLoader: META-INF/services/ in lib/french.jar is hidden by lib/english.jar (with same bytecode)
JarClassLoader: cached bytes for local name lib/french.jar/META-INF/services/com.simontuffs.onejar.services.IHelloService
JarClassLoader: META-INF/services/com.simontuffs.onejar.services.IHelloService in lib/french.jar is hidden by lib/english.jar (with same bytecode)
JarClassLoader: cached bytes for local name lib/french.jar/META-INF/MANIFEST.MF
JarClassLoader: META-INF/MANIFEST.MF in lib/french.jar is hidden by lib/english.jar (with same bytecode)
JarClassLoader: caching lib/german.jar
JarClassLoader: using jarFile.getInputStream(lib/german.jar)
JarClassLoader: cached bytes for local name lib/german.jar/services/
JarClassLoader: services/ in lib/german.jar is hidden by lib/english.jar (with same bytecode)
JarClassLoader: cached bytes for local name lib/german.jar/services/com/
JarClassLoader: services/com/ in lib/german.jar is hidden by lib/english.jar (with same bytecode)
JarClassLoader: cached bytes for local name lib/german.jar/services/com/simontuffs/
JarClassLoader: services/com/simontuffs/ in lib/german.jar is hidden by lib/english.jar (with same bytecode)
JarClassLoader: cached bytes for local name lib/german.jar/services/com/simontuffs/onejar/
JarClassLoader: services/com/simontuffs/onejar/ in lib/german.jar is hidden by lib/english.jar (with same bytecode)
JarClassLoader: cached bytes for local name lib/german.jar/services/com/simontuffs/onejar/services/
JarClassLoader: services/com/simontuffs/onejar/services/ in lib/german.jar is hidden by lib/english.jar (with same bytecode)
JarClassLoader: cached bytes for local name lib/german.jar/services/com/simontuffs/onejar/services/german/
JarClassLoader: cached bytes for entry name services/com/simontuffs/onejar/services/german/
JarClassLoader: cached bytes for class services/com/simontuffs/onejar/services/german/HelloService$1.class
JarClassLoader: cached bytes for class services/com/simontuffs/onejar/services/german/HelloService.class
JarClassLoader: cached bytes for local name lib/german.jar/META-INF/services/
JarClassLoader: META-INF/services/ in lib/german.jar is hidden by lib/english.jar (with same bytecode)
JarClassLoader: cached bytes for local name lib/german.jar/META-INF/services/com.simontuffs.onejar.services.IHelloService
JarClassLoader: META-INF/services/com.simontuffs.onejar.services.IHelloService in lib/german.jar is hidden by lib/english.jar (with same bytecode)
JarClassLoader: cached bytes for local name lib/german.jar/META-INF/MANIFEST.MF
JarClassLoader: META-INF/MANIFEST.MF in lib/german.jar is hidden by lib/english.jar (with same bytecode)
JarClassLoader: caching lib/util.jar
JarClassLoader: using jarFile.getInputStream(lib/util.jar)
JarClassLoader: cached bytes for local name lib/util.jar/com/
JarClassLoader: cached bytes for entry name com/
JarClassLoader: cached bytes for local name lib/util.jar/com/simontuffs/
JarClassLoader: cached bytes for entry name com/simontuffs/
JarClassLoader: cached bytes for local name lib/util.jar/com/simontuffs/onejar/
JarClassLoader: cached bytes for entry name com/simontuffs/onejar/
JarClassLoader: cached bytes for local name lib/util.jar/com/simontuffs/onejar/example/
JarClassLoader: cached bytes for entry name com/simontuffs/onejar/example/
JarClassLoader: cached bytes for local name lib/util.jar/com/simontuffs/onejar/example/util/
JarClassLoader: cached bytes for entry name com/simontuffs/onejar/example/util/
JarClassLoader: cached bytes for class com/simontuffs/onejar/example/util/Duplicate.class
JarClassLoader: cached bytes for class com/simontuffs/onejar/example/util/Util$InnerClass.class
JarClassLoader: cached bytes for class com/simontuffs/onejar/example/util/Util$NeverUsedClass.class
JarClassLoader: cached bytes for class com/simontuffs/onejar/example/util/Util$StaticInnerClass.class
JarClassLoader: cached bytes for class com/simontuffs/onejar/example/util/Util.class
JarClassLoader: cached bytes for local name lib/util.jar/com/simontuffs/onejar/example/util/Duplicate.java
JarClassLoader: cached bytes for entry name com/simontuffs/onejar/example/util/Duplicate.java
JarClassLoader: cached bytes for local name lib/util.jar/com/simontuffs/onejar/example/util/Util.java
JarClassLoader: cached bytes for entry name com/simontuffs/onejar/example/util/Util.java
JarClassLoader: cached bytes for local name lib/util.jar/duplicate.txt
JarClassLoader: cached bytes for entry name duplicate.txt
JarClassLoader: cached bytes for local name lib/util.jar/util-manifest.mf
JarClassLoader: cached bytes for entry name util-manifest.mf
JarClassLoader: cached bytes for local name lib/util.jar/META-INF/MANIFEST.MF
JarClassLoader: META-INF/MANIFEST.MF in lib/util.jar is hidden by lib/english.jar (with same bytecode)
JarClassLoader: caching main/main.jar
JarClassLoader: using jarFile.getInputStream(main/main.jar)
JarClassLoader: cached bytes for local name main/main.jar/com/
JarClassLoader: com/ in main/main.jar is hidden by lib/util.jar (with same bytecode)
JarClassLoader: cached bytes for local name main/main.jar/com/simontuffs/
JarClassLoader: com/simontuffs/ in main/main.jar is hidden by lib/util.jar (with same bytecode)
JarClassLoader: cached bytes for local name main/main.jar/com/simontuffs/onejar/
JarClassLoader: com/simontuffs/onejar/ in main/main.jar is hidden by lib/util.jar (with same bytecode)
JarClassLoader: cached bytes for local name main/main.jar/com/simontuffs/onejar/example/
JarClassLoader: com/simontuffs/onejar/example/ in main/main.jar is hidden by lib/util.jar (with same bytecode)
JarClassLoader: cached bytes for local name main/main.jar/com/simontuffs/onejar/example/main/
JarClassLoader: cached bytes for entry name com/simontuffs/onejar/example/main/
JarClassLoader: cached bytes for class com/simontuffs/onejar/example/main/Main.class
JarClassLoader: cached bytes for class com/simontuffs/onejar/example/main/Test$TestLoader.class
JarClassLoader: cached bytes for class com/simontuffs/onejar/example/main/Test.class
JarClassLoader: cached bytes for local name main/main.jar/com/simontuffs/onejar/example/util/
JarClassLoader: com/simontuffs/onejar/example/util/ in main/main.jar is hidden by lib/util.jar (with same bytecode)
JarClassLoader: com/simontuffs/onejar/example/util/Duplicate.class in main/main.jar is hidden by lib/util.jar (with same bytecode)
JarClassLoader: cached bytes for local name main/main.jar/com/simontuffs/onejar/test/
JarClassLoader: cached bytes for entry name com/simontuffs/onejar/test/
JarClassLoader: cached bytes for class com/simontuffs/onejar/test/Testable.class
JarClassLoader: cached bytes for local name main/main.jar/com/simontuffs/onejar/example/main/resources/
JarClassLoader: cached bytes for entry name com/simontuffs/onejar/example/main/resources/
JarClassLoader: cached bytes for local name main/main.jar/com/simontuffs/onejar/example/main/Main.java
JarClassLoader: cached bytes for entry name com/simontuffs/onejar/example/main/Main.java
JarClassLoader: cached bytes for local name main/main.jar/com/simontuffs/onejar/example/main/Test.java
JarClassLoader: cached bytes for entry name com/simontuffs/onejar/example/main/Test.java
JarClassLoader: cached bytes for local name main/main.jar/com/simontuffs/onejar/example/main/button.mail.1.gif
JarClassLoader: cached bytes for entry name com/simontuffs/onejar/example/main/button.mail.1.gif
JarClassLoader: cached bytes for local name main/main.jar/com/simontuffs/onejar/example/main/main.txt
JarClassLoader: cached bytes for entry name com/simontuffs/onejar/example/main/main.txt
JarClassLoader: cached bytes for local name main/main.jar/com/simontuffs/onejar/example/main/resources/resource-1.txt
JarClassLoader: cached bytes for entry name com/simontuffs/onejar/example/main/resources/resource-1.txt
JarClassLoader: cached bytes for local name main/main.jar/com/simontuffs/onejar/example/main/test.properties
JarClassLoader: cached bytes for entry name com/simontuffs/onejar/example/main/test.properties
JarClassLoader: cached bytes for local name main/main.jar/com/simontuffs/onejar/example/main/x1.txt
JarClassLoader: cached bytes for entry name com/simontuffs/onejar/example/main/x1.txt
JarClassLoader: cached bytes for local name main/main.jar/com/simontuffs/onejar/example/main/x2.txt
JarClassLoader: cached bytes for entry name com/simontuffs/onejar/example/main/x2.txt
JarClassLoader: cached bytes for local name main/main.jar/com/simontuffs/onejar/example/util/Duplicate.java
JarClassLoader: com/simontuffs/onejar/example/util/Duplicate.java in main/main.jar is hidden by lib/util.jar (with same bytecode)
JarClassLoader: cached bytes for local name main/main.jar/duplicate.txt
JarClassLoader: Info: duplicate.txt in main/main.jar is hidden by lib/util.jar (with different bytes)
JarClassLoader: cached bytes for local name main/main.jar/images/
JarClassLoader: cached bytes for entry name images/
JarClassLoader: cached bytes for local name main/main.jar/images/button.mail.gif
JarClassLoader: cached bytes for entry name images/button.mail.gif
JarClassLoader: cached bytes for local name main/main.jar/index.html
JarClassLoader: cached bytes for entry name index.html
JarClassLoader: cached bytes for local name main/main.jar/main-manifest.mf
JarClassLoader: cached bytes for entry name main-manifest.mf
JarClassLoader: cached bytes for local name main/main.jar/one-jar.policy
JarClassLoader: cached bytes for entry name one-jar.policy
JarClassLoader: cached bytes for local name main/main.jar/META-INF/MANIFEST.MF
JarClassLoader: META-INF/MANIFEST.MF in main/main.jar is hidden by lib/english.jar (with same bytecode)
JarClassLoader: caching wrap/wraploader.jar
JarClassLoader: using jarFile.getInputStream(wrap/wraploader.jar)
JarClassLoader: cached bytes for local name wrap/wraploader.jar/com/
JarClassLoader: com/ in wrap/wraploader.jar is hidden by lib/util.jar (with same bytecode)
JarClassLoader: cached bytes for local name wrap/wraploader.jar/com/simontuffs/
JarClassLoader: com/simontuffs/ in wrap/wraploader.jar is hidden by lib/util.jar (with same bytecode)
JarClassLoader: cached bytes for local name wrap/wraploader.jar/com/simontuffs/onejar/
JarClassLoader: com/simontuffs/onejar/ in wrap/wraploader.jar is hidden by lib/util.jar (with same bytecode)
JarClassLoader: cached bytes for class com/simontuffs/onejar/DetectClassLoader.class
JarClassLoader: cached bytes for local name wrap/wraploader.jar/com/simontuffs/onejar/DetectClassLoader.java
JarClassLoader: cached bytes for entry name com/simontuffs/onejar/DetectClassLoader.java
JarClassLoader: cached bytes for local name wrap/wraploader.jar/META-INF/MANIFEST.MF
JarClassLoader: META-INF/MANIFEST.MF in wrap/wraploader.jar is hidden by lib/english.jar (with same bytecode)
JarClassLoader: findClass(com.simontuffs.onejar.example.main.Test)
JarClassLoader: found com.simontuffs.onejar.example.main.Test in codebase 'main/main.jar'
JarClassLoader: defineClass(com.simontuffs.onejar.example.main.Test)
Test: loaded by com.simontuffs.onejar.JarClassLoader@1af9e22
Test: codesource is jar:file:/C:/eclipse/projects/com.simontuffs/one-jar/dist/one-jar-example-0.97.jar!/main/main.jar
Test: java.class.path=C:\eclipse\projects\com.simontuffs\one-jar\dist\one-jar-example-0.97.jar;C:\eclipse\projects\com.simontuffs\one-jar\lib\junit-3.8.1.jar;C:\eclipse\projects\com.simontuffs\one-jar\build\ant\test;C:\eclipse\projects\com.simontuffs\one-jar;C:\PROGRA~1\JMF21~1.1E\lib\sound.jar;C:\PROGRA~1\JMF21~1.1E\lib\jmf.jar;C:\PROGRA~1\JMF21~1.1E\lib;C:\eclipse\eclipse-3.5\eclipse\plugins\org.apache.ant_1.7.1.v20090120-1145\lib\ant-launcher.jar;C:\eclipse\eclipse-3.5\eclipse\plugins\org.apache.ant_1.7.1.v20090120-1145\lib\ant.jar;C:\eclipse\eclipse-3.5\eclipse\plugins\org.apache.ant_1.7.1.v20090120-1145\lib\ant-junit.jar
JarClassLoader: findResource(META-INF/services/javax.xml.parsers.DocumentBuilderFactory)
JarClassLoader: resource META-INF/services/javax.xml.parsers.DocumentBuilderFactory resolved to null (unknown codebase)
JarClassLoader: Info: findResource(): unable to locate META-INF/services/javax.xml.parsers.DocumentBuilderFactory
JarClassLoader: findClass(com.simontuffs.onejar.example.util.Util)
JarClassLoader: found com.simontuffs.onejar.example.util.Util in codebase 'lib/util.jar'
JarClassLoader: defineClass(com.simontuffs.onejar.example.util.Util)
Util: loaded by com.simontuffs.onejar.JarClassLoader@1af9e22
Util.sayHello()
Test.useResource(/duplicate.txt) OK
-------------------------------------------
This is an example of a duplicate resource file named duplicate.txt in the top-level jar.
-------------------------------------------

JarClassLoader: findClass(com.simontuffs.onejar.example.util.Util$InnerClass)
JarClassLoader: found com.simontuffs.onejar.example.util.Util$InnerClass in codebase 'lib/util.jar'
JarClassLoader: defineClass(com.simontuffs.onejar.example.util.Util$InnerClass)
Util.InnerClass loaded by com.simontuffs.onejar.JarClassLoader@1af9e22
Util.variable=0
JarClassLoader: findClass(com.simontuffs.onejar.example.util.Util$StaticInnerClass)
JarClassLoader: found com.simontuffs.onejar.example.util.Util$StaticInnerClass in codebase 'lib/util.jar'
JarClassLoader: defineClass(com.simontuffs.onejar.example.util.Util$StaticInnerClass)
Util.StaticInnerClass loaded by com.simontuffs.onejar.JarClassLoader@1af9e22

Test.testUseUtil() OK
JarClassLoader: findResource(main-manifest.mf)
JarClassLoader: resource main-manifest.mf resolved to main-manifest.mf (unknown codebase)
JarClassLoader: Info: findResource() found: main-manifest.mf for caller null in codebase main/main.jar
JarClassLoader: FileURLFactory: url=jar:file:/C:/eclipse/projects/com.simontuffs/one-jar/dist/one-jar-example-0.97.jar!/main/main.jar!/main-manifest.mf
Test.useResource(/main-manifest.mf) OK
testDumpResource: /main-manifest.mf
-------------------------------------------
Manifest-Version: 1.0
Main-Class: com.simontuffs.onejar.example.main.Main
Implementation-Title: main-manifest.mf Implementation-Title
Implementation-Vendor: main-manifest.mf Implementation-Vendor
Implementation-Vendor-Id: main-manifest.mf Implementation-Vendor-Id
Implementation-URL: main-manifest.mf Implementation-URL
Specification-Title: main-manifest.mf Specification-Title
Specification-Version: main-manifest.mf Specification-Version
Specification-Vendor: main-manifest.mf Specification-Vendor
Sealed: false

-------------------------------------------
Test.useResource(/duplicate.txt) OK
testDumpResource: /duplicate.txt
-------------------------------------------
This is an example of a duplicate resource file named duplicate.txt in the top-level jar.
-------------------------------------------
JarClassLoader: findResource(com/simontuffs/onejar/example/main/main.txt)
JarClassLoader: resource com/simontuffs/onejar/example/main/main.txt resolved to com/simontuffs/onejar/example/main/main.txt (unknown codebase)
JarClassLoader: Info: findResource() found: com/simontuffs/onejar/example/main/main.txt for caller null in codebase main/main.jar
JarClassLoader: FileURLFactory: url=jar:file:/C:/eclipse/projects/com.simontuffs/one-jar/dist/one-jar-example-0.97.jar!/main/main.jar!/com/simontuffs/onejar/example/main/main.txt
Test.useResource(main.txt) OK
testDumpResource: main.txt
-------------------------------------------
This is main.txt
-------------------------------------------
testClassLoader(): Creating new TestLoader()
JarClassLoader: findClass(com.simontuffs.onejar.example.main.Test$TestLoader)
JarClassLoader: found com.simontuffs.onejar.example.main.Test$TestLoader in codebase 'main/main.jar'
JarClassLoader: defineClass(com.simontuffs.onejar.example.main.Test$TestLoader)
testClassLoader(): loading com.simontuffs.onejar.example.util.Util
TestLoader.loadClass(com.simontuffs.onejar.example.util.Util)
testClassURL(): Opening onejar resource using new URL(onejar:/com/simontuffs/onejar/example/main/Main.class)
JarClassLoader: getByteStream(/com/simontuffs/onejar/example/main/Main.class)
JarClassLoader: resource com/simontuffs/onejar/example/main/Main.class resolved to com/simontuffs/onejar/example/main/Main.class (unknown codebase)
JarClassLoader: getByteStream(/com/simontuffs/onejar/example/main/Main.class) -> java.io.ByteArrayInputStream@12498b5
testClassURL(): Opened: onejar:/com/simontuffs/onejar/example/main/Main.class
testClassURL(): OK.
testClassURL(): opening using getResource(/com/simontuffs/onejar/example/main/Main.class)
JarClassLoader: findResource(com/simontuffs/onejar/example/main/Main.class)
JarClassLoader: resource com/simontuffs/onejar/example/main/Main.class resolved to com/simontuffs/onejar/example/main/Main.class (unknown codebase)
JarClassLoader: Info: findResource() found: com/simontuffs/onejar/example/main/Main.class for caller null in codebase main/main.jar
JarClassLoader: FileURLFactory: url=jar:file:/C:/eclipse/projects/com.simontuffs/one-jar/dist/one-jar-example-0.97.jar!/main/main.jar!/com/simontuffs/onejar/example/main/Main.class
testClassURL(): Opened: jar:file:/C:/eclipse/projects/com.simontuffs/one-jar/dist/one-jar-example-0.97.jar!/main/main.jar!/com/simontuffs/onejar/example/main/Main.class
testClassURL(): OK.
testResourceURL(): Opening onejar resource using new URL(onejar:/images/button.mail.gif)
JarClassLoader: getByteStream(/images/button.mail.gif)
JarClassLoader: resource images/button.mail.gif resolved to images/button.mail.gif (unknown codebase)
JarClassLoader: getByteStream(/images/button.mail.gif) -> java.io.ByteArrayInputStream@18e3e60
testResourceURL(): Opened: onejar:/images/button.mail.gif
testResourceURL(): OK.
testResourceURL(): opening using getResource(/images/button.mail.gif)
JarClassLoader: findResource(images/button.mail.gif)
JarClassLoader: resource images/button.mail.gif resolved to images/button.mail.gif (unknown codebase)
JarClassLoader: Info: findResource() found: images/button.mail.gif for caller null in codebase main/main.jar
JarClassLoader: FileURLFactory: url=jar:file:/C:/eclipse/projects/com.simontuffs/one-jar/dist/one-jar-example-0.97.jar!/main/main.jar!/images/button.mail.gif
testResourceURL(): Opened: jar:file:/C:/eclipse/projects/com.simontuffs/one-jar/dist/one-jar-example-0.97.jar!/main/main.jar!/images/button.mail.gif
testResourceURL(): OK.
testResourceRelativeURL(): opening using getResource(button.mail.1.gif)
JarClassLoader: findResource(com/simontuffs/onejar/example/main/button.mail.1.gif)
JarClassLoader: resource com/simontuffs/onejar/example/main/button.mail.1.gif resolved to com/simontuffs/onejar/example/main/button.mail.1.gif (unknown codebase)
JarClassLoader: Info: findResource() found: com/simontuffs/onejar/example/main/button.mail.1.gif for caller null in codebase main/main.jar
JarClassLoader: FileURLFactory: url=jar:file:/C:/eclipse/projects/com.simontuffs/one-jar/dist/one-jar-example-0.97.jar!/main/main.jar!/com/simontuffs/onejar/example/main/button.mail.1.gif
testResourceRelativeURL(): Opened: jar:file:/C:/eclipse/projects/com.simontuffs/one-jar/dist/one-jar-example-0.97.jar!/main/main.jar!/com/simontuffs/onejar/example/main/button.mail.1.gif
testResourceRelativeURL(): OK.
classloader=com.simontuffs.onejar.JarClassLoader@1af9e22
JarClassLoader: Info: findResources(index.html)
JarClassLoader: Info: findResources: looking in [wrap/wraploader.jar, main/main.jar, lib/util.jar, lib/english.jar, lib/german.jar, lib/french.jar]
JarClassLoader: FileURLFactory: url=jar:file:/C:/eclipse/projects/com.simontuffs/one-jar/dist/one-jar-example-0.97.jar!/main/main.jar!/index.html
JarClassLoader: Info: findResources(): Adding jar:file:/C:/eclipse/projects/com.simontuffs/one-jar/dist/one-jar-example-0.97.jar!/main/main.jar!/index.html to resources list.
testFindResourcesInJars(): jar:file:/C:/eclipse/projects/com.simontuffs/one-jar/dist/one-jar-example-0.97.jar!/main/main.jar!/index.html
testFindResourcesInJars(): OK.
classloader=com.simontuffs.onejar.JarClassLoader@1af9e22
JarClassLoader: Info: findResources(duplicate.txt)
JarClassLoader: Info: findResources: looking in [wrap/wraploader.jar, main/main.jar, lib/util.jar, lib/english.jar, lib/german.jar, lib/french.jar]
JarClassLoader: FileURLFactory: url=jar:file:/C:/eclipse/projects/com.simontuffs/one-jar/dist/one-jar-example-0.97.jar!/main/main.jar!/duplicate.txt
JarClassLoader: Info: findResources(): Adding jar:file:/C:/eclipse/projects/com.simontuffs/one-jar/dist/one-jar-example-0.97.jar!/main/main.jar!/duplicate.txt to resources list.
JarClassLoader: FileURLFactory: url=jar:file:/C:/eclipse/projects/com.simontuffs/one-jar/dist/one-jar-example-0.97.jar!/lib/util.jar!/duplicate.txt
JarClassLoader: Info: findResources(): Adding jar:file:/C:/eclipse/projects/com.simontuffs/one-jar/dist/one-jar-example-0.97.jar!/lib/util.jar!/duplicate.txt to resources list.
testFindResourcesInJars: jar:file:/C:/eclipse/projects/com.simontuffs/one-jar/dist/one-jar-example-0.97.jar!/duplicate.txt
testFindResourcesInJars: jar:file:/C:/eclipse/projects/com.simontuffs/one-jar/dist/one-jar-example-0.97.jar!/main/main.jar!/duplicate.txt
testFindResourcesInJars: jar:file:/C:/eclipse/projects/com.simontuffs/one-jar/dist/one-jar-example-0.97.jar!/lib/util.jar!/duplicate.txt
testFindResourcesInJars(): OK.
JarClassLoader: findResource(com/simontuffs/onejar/example/main/button.mail.1.gif)
[...]
JarClassLoader: defineClass(com.simontuffs.onejar.example.util.Util$StaticInnerClass)
Util.StaticInnerClass loaded by com.simontuffs.onejar.JarClassLoader@1af9e22

Test.testUseUtil() OK
JarClassLoader: findResource(main-manifest.mf)
JarClassLoader: resource main-manifest.mf resolved to main-manifest.mf (unknown codebase)
JarClassLoader: Info: findResource() found: main-manifest.mf for caller null in codebase main/main.jar
JarClassLoader: FileURLFactory: url=jar:file:/C:/eclipse/projects/com.simontuffs/one-jar/dist/one-jar-example-0.97.jar!/main/main.jar!/main-manifest.mf
Test.useResource(/main-manifest.mf) OK
testDumpResource: /main-manifest.mf
-------------------------------------------
Manifest-Version: 1.0
Main-Class: com.simontuffs.onejar.example.main.Main
Implementation-Title: main-manifest.mf Implementation-Title
Implementation-Vendor: main-manifest.mf Implementation-Vendor
Implementation-Vendor-Id: main-manifest.mf Implementation-Vendor-Id
Implementation-URL: main-manifest.mf Implementation-URL
Specification-Title: main-manifest.mf Specification-Title
Specification-Version: main-manifest.mf Specification-Version
Specification-Vendor: main-manifest.mf Specification-Vendor
Sealed: false

-------------------------------------------
Test.useResource(/duplicate.txt) OK
testDumpResource: /duplicate.txt
-------------------------------------------
This is an example of a duplicate resource file named duplicate.txt in the top-level jar.
-------------------------------------------
JarClassLoader: findResource(com/simontuffs/onejar/example/main/main.txt)
JarClassLoader: resource com/simontuffs/onejar/example/main/main.txt resolved to com/simontuffs/onejar/example/main/main.txt (unknown codebase)
JarClassLoader: Info: findResource() found: com/simontuffs/onejar/example/main/main.txt for caller null in codebase main/main.jar
JarClassLoader: FileURLFactory: url=jar:file:/C:/eclipse/projects/com.simontuffs/one-jar/dist/one-jar-example-0.97.jar!/main/main.jar!/com/simontuffs/onejar/example/main/main.txt
Test.useResource(main.txt) OK
testDumpResource: main.txt
-------------------------------------------
This is main.txt
-------------------------------------------
testClassLoader(): Creating new TestLoader()
JarClassLoader: findClass(com.simontuffs.onejar.example.main.Test$TestLoader)
JarClassLoader: found com.simontuffs.onejar.example.main.Test$TestLoader in codebase 'main/main.jar'
JarClassLoader: defineClass(com.simontuffs.onejar.example.main.Test$TestLoader)
testClassLoader(): loading com.simontuffs.onejar.example.util.Util
TestLoader.loadClass(com.simontuffs.onejar.example.util.Util)
testClassURL(): Opening onejar resource using new URL(onejar:/com/simontuffs/onejar/example/main/Main.class)
JarClassLoader: getByteStream(/com/simontuffs/onejar/example/main/Main.class)
JarClassLoader: resource com/simontuffs/onejar/example/main/Main.class resolved to com/simontuffs/onejar/example/main/Main.class (unknown codebase)
JarClassLoader: getByteStream(/com/simontuffs/onejar/example/main/Main.class) -> java.io.ByteArrayInputStream@16930e2
testClassURL(): Opened: onejar:/com/simontuffs/onejar/example/main/Main.class
testClassURL(): OK.
testClassURL(): opening using getResource(/com/simontuffs/onejar/example/main/Main.class)
JarClassLoader: findResource(com/simontuffs/onejar/example/main/Main.class)
JarClassLoader: resource com/simontuffs/onejar/example/main/Main.class resolved to com/simontuffs/onejar/example/main/Main.class (unknown codebase)
JarClassLoader: Info: findResource() found: com/simontuffs/onejar/example/main/Main.class for caller null in codebase main/main.jar
JarClassLoader: FileURLFactory: url=jar:file:/C:/eclipse/projects/com.simontuffs/one-jar/dist/one-jar-example-0.97.jar!/main/main.jar!/com/simontuffs/onejar/example/main/Main.class
testClassURL(): Opened: jar:file:/C:/eclipse/projects/com.simontuffs/one-jar/dist/one-jar-example-0.97.jar!/main/main.jar!/com/simontuffs/onejar/example/main/Main.class
testClassURL(): OK.
testResourceURL(): Opening onejar resource using new URL(onejar:/images/button.mail.gif)
JarClassLoader: getByteStream(/images/button.mail.gif)
JarClassLoader: resource images/button.mail.gif resolved to images/button.mail.gif (unknown codebase)
JarClassLoader: getByteStream(/images/button.mail.gif) -> java.io.ByteArrayInputStream@119c082
testResourceURL(): Opened: onejar:/images/button.mail.gif
testResourceURL(): OK.
testResourceURL(): opening using getResource(/images/button.mail.gif)
JarClassLoader: findResource(images/button.mail.gif)
JarClassLoader: resource images/button.mail.gif resolved to images/button.mail.gif (unknown codebase)
JarClassLoader: Info: findResource() found: images/button.mail.gif for caller null in codebase main/main.jar
JarClassLoader: FileURLFactory: url=jar:file:/C:/eclipse/projects/com.simontuffs/one-jar/dist/one-jar-example-0.97.jar!/main/main.jar!/images/button.mail.gif
testResourceURL(): Opened: jar:file:/C:/eclipse/projects/com.simontuffs/one-jar/dist/one-jar-example-0.97.jar!/main/main.jar!/images/button.mail.gif
testResourceURL(): OK.
testResourceRelativeURL(): opening using getResource(button.mail.1.gif)
JarClassLoader: findResource(com/simontuffs/onejar/example/main/button.mail.1.gif)
JarClassLoader: resource com/simontuffs/onejar/example/main/button.mail.1.gif resolved to com/simontuffs/onejar/example/main/button.mail.1.gif (unknown codebase)
JarClassLoader: Info: findResource() found: com/simontuffs/onejar/example/main/button.mail.1.gif for caller null in codebase main/main.jar
JarClassLoader: FileURLFactory: url=jar:file:/C:/eclipse/projects/com.simontuffs/one-jar/dist/one-jar-example-0.97.jar!/main/main.jar!/com/simontuffs/onejar/example/main/button.mail.1.gif
testResourceRelativeURL(): Opened: jar:file:/C:/eclipse/projects/com.simontuffs/one-jar/dist/one-jar-example-0.97.jar!/main/main.jar!/com/simontuffs/onejar/example/main/button.mail.1.gif
testResourceRelativeURL(): OK.
classloader=com.simontuffs.onejar.JarClassLoader@1af9e22
JarClassLoader: Info: findResources(index.html)
JarClassLoader: Info: findResources: looking in [wrap/wraploader.jar, main/main.jar, lib/util.jar, lib/english.jar, lib/german.jar, lib/french.jar]
JarClassLoader: FileURLFactory: url=jar:file:/C:/eclipse/projects/com.simontuffs/one-jar/dist/one-jar-example-0.97.jar!/main/main.jar!/index.html
JarClassLoader: Info: findResources(): Adding jar:file:/C:/eclipse/projects/com.simontuffs/one-jar/dist/one-jar-example-0.97.jar!/main/main.jar!/index.html to resources list.
testFindResourcesInJars(): jar:file:/C:/eclipse/projects/com.simontuffs/one-jar/dist/one-jar-example-0.97.jar!/main/main.jar!/index.html
testFindResourcesInJars(): OK.
classloader=com.simontuffs.onejar.JarClassLoader@1af9e22
JarClassLoader: Info: findResources(duplicate.txt)
JarClassLoader: Info: findResources: looking in [wrap/wraploader.jar, main/main.jar, lib/util.jar, lib/english.jar, lib/german.jar, lib/french.jar]
JarClassLoader: FileURLFactory: url=jar:file:/C:/eclipse/projects/com.simontuffs/one-jar/dist/one-jar-example-0.97.jar!/main/main.jar!/duplicate.txt
JarClassLoader: Info: findResources(): Adding jar:file:/C:/eclipse/projects/com.simontuffs/one-jar/dist/one-jar-example-0.97.jar!/main/main.jar!/duplicate.txt to resources list.
JarClassLoader: FileURLFactory: url=jar:file:/C:/eclipse/projects/com.simontuffs/one-jar/dist/one-jar-example-0.97.jar!/lib/util.jar!/duplicate.txt
JarClassLoader: Info: findResources(): Adding jar:file:/C:/eclipse/projects/com.simontuffs/one-jar/dist/one-jar-example-0.97.jar!/lib/util.jar!/duplicate.txt to resources list.
testFindResourcesInJars: jar:file:/C:/eclipse/projects/com.simontuffs/one-jar/dist/one-jar-example-0.97.jar!/duplicate.txt
testFindResourcesInJars: jar:file:/C:/eclipse/projects/com.simontuffs/one-jar/dist/one-jar-example-0.97.jar!/main/main.jar!/duplicate.txt
testFindResourcesInJars: jar:file:/C:/eclipse/projects/com.simontuffs/one-jar/dist/one-jar-example-0.97.jar!/lib/util.jar!/duplicate.txt
testFindResourcesInJars(): OK.
JarClassLoader: findResource(com/simontuffs/onejar/example/main/button.mail.1.gif)
JarClassLoader: resource com/simontuffs/onejar/example/main/button.mail.1.gif resolved to com/simontuffs/onejar/example/main/button.mail.1.gif (unknown codebase)
JarClassLoader: Info: findResource() found: com/simontuffs/onejar/example/main/button.mail.1.gif for caller null in codebase main/main.jar
JarClassLoader: FileURLFactory: url=jar:file:/C:/eclipse/projects/com.simontuffs/one-jar/dist/one-jar-example-0.97.jar!/main/main.jar!/com/simontuffs/onejar/example/main/button.mail.1.gif
testImageIcon(): loaded image url OK: jar:file:/C:/eclipse/projects/com.simontuffs/one-jar/dist/one-jar-example-0.97.jar!/main/main.jar!/com/simontuffs/onejar/example/main/button.mail.1.gif
testImageIcon(): loaded image OK: jar:file:/C:/eclipse/projects/com.simontuffs/one-jar/dist/one-jar-example-0.97.jar!/main/main.jar!/com/simontuffs/onejar/example/main/button.mail.1.gif
testLoadCodeSource(): dumping entries in jar:file:/C:/eclipse/projects/com.simontuffs/one-jar/dist/one-jar-example-0.97.jar!/main/main.jar
testPackageName() ok: com.simontuffs.onejar.example.main
testPackageName() ok: com.simontuffs.onejar.example.util
JarClassLoader: findResource(main-manifest.mf)
JarClassLoader: resource main-manifest.mf resolved to main-manifest.mf (unknown codebase)
JarClassLoader: Info: findResource() found: main-manifest.mf for caller null in codebase main/main.jar
JarClassLoader: FileURLFactory: url=jar:file:/C:/eclipse/projects/com.simontuffs/one-jar/dist/one-jar-example-0.97.jar!/main/main.jar!/main-manifest.mf
testGetResourceAsStream(): OK: able to load /main-manifest.mf using Test.class.getResourceAsStream()
JarClassLoader: findResource(/main-manifest.mf)
JarClassLoader: resource main-manifest.mf resolved to main-manifest.mf (unknown codebase)
JarClassLoader: Info: findResource() found: /main-manifest.mf for caller null in codebase main/main.jar
JarClassLoader: FileURLFactory: url=jar:file:/C:/eclipse/projects/com.simontuffs/one-jar/dist/one-jar-example-0.97.jar!/main/main.jar!//main-manifest.mf
testGetResourceAsStream(): OK: unable to load /main-manifest.mf using Test.class.getClassLoader().getResourceAsStream()
JarClassLoader: findResource(main-manifest.mf)
JarClassLoader: resource main-manifest.mf resolved to main-manifest.mf (unknown codebase)
JarClassLoader: Info: findResource() found: main-manifest.mf for caller null in codebase main/main.jar
JarClassLoader: FileURLFactory: url=jar:file:/C:/eclipse/projects/com.simontuffs/one-jar/dist/one-jar-example-0.97.jar!/main/main.jar!/main-manifest.mf
testGetResourceAsStream(): OK: able to load main-manifest.mf using Test.class.getClassLoader().getResourceAsStream()
JarClassLoader: findResource(com/simontuffs/onejar/example/main/main-manifest.mf)
JarClassLoader: resource com/simontuffs/onejar/example/main/main-manifest.mf resolved to null (unknown codebase)
JarClassLoader: Info: findResource(): unable to locate com/simontuffs/onejar/example/main/main-manifest.mf
testGetResourceAsStream(): OK: unable to load main-manifest.mf using Test.class.getResourceAsStream()
testGetResourceAsStream(): OK: unable to load stream using ClassLoader.class.getResourceAsStream()
JarClassLoader: findResource(com/simontuffs/onejar/example/main/resources/resource-1.txt)
JarClassLoader: resource com/simontuffs/onejar/example/main/resources/resource-1.txt resolved to com/simontuffs/onejar/example/main/resources/resource-1.txt (unknown codebase)
JarClassLoader: Info: findResource() found: com/simontuffs/onejar/example/main/resources/resource-1.txt for caller null in codebase main/main.jar
JarClassLoader: FileURLFactory: url=jar:file:/C:/eclipse/projects/com.simontuffs/one-jar/dist/one-jar-example-0.97.jar!/main/main.jar!/com/simontuffs/onejar/example/main/resources/resource-1.txt
testGetResource(): OK: able to load resources/resource-1.txt using Test.class().getResource().openStream()
JarClassLoader: Info: findResources(META-INF/services/com.simontuffs.onejar.services.IHelloService)
JarClassLoader: Info: findResources: looking in [wrap/wraploader.jar, main/main.jar, lib/util.jar, lib/english.jar, lib/german.jar, lib/french.jar]
JarClassLoader: FileURLFactory: url=jar:file:/C:/eclipse/projects/com.simontuffs/one-jar/dist/one-jar-example-0.97.jar!/lib/english.jar!/META-INF/services/com.simontuffs.onejar.services.IHelloService
JarClassLoader: Info: findResources(): Adding jar:file:/C:/eclipse/projects/com.simontuffs/one-jar/dist/one-jar-example-0.97.jar!/lib/english.jar!/META-INF/services/com.simontuffs.onejar.services.IHelloService to resources list.
JarClassLoader: FileURLFactory: url=jar:file:/C:/eclipse/projects/com.simontuffs/one-jar/dist/one-jar-example-0.97.jar!/lib/german.jar!/META-INF/services/com.simontuffs.onejar.services.IHelloService
JarClassLoader: Info: findResources(): Adding jar:file:/C:/eclipse/projects/com.simontuffs/one-jar/dist/one-jar-example-0.97.jar!/lib/german.jar!/META-INF/services/com.simontuffs.onejar.services.IHelloService to resources list.
JarClassLoader: FileURLFactory: url=jar:file:/C:/eclipse/projects/com.simontuffs/one-jar/dist/one-jar-example-0.97.jar!/lib/french.jar!/META-INF/services/com.simontuffs.onejar.services.IHelloService
JarClassLoader: Info: findResources(): Adding jar:file:/C:/eclipse/projects/com.simontuffs/one-jar/dist/one-jar-example-0.97.jar!/lib/french.jar!/META-INF/services/com.simontuffs.onejar.services.IHelloService to resources list.
testServices(): found jar:file:/C:/eclipse/projects/com.simontuffs/one-jar/dist/one-jar-example-0.97.jar!/lib/english.jar!/META-INF/services/com.simontuffs.onejar.services.IHelloService
testServices(): found jar:file:/C:/eclipse/projects/com.simontuffs/one-jar/dist/one-jar-example-0.97.jar!/lib/german.jar!/META-INF/services/com.simontuffs.onejar.services.IHelloService
testServices(): found jar:file:/C:/eclipse/projects/com.simontuffs/one-jar/dist/one-jar-example-0.97.jar!/lib/french.jar!/META-INF/services/com.simontuffs.onejar.services.IHelloService
testServices(): OK: found 3 services
testExpanded(): checking expanded files
testExpanded(): Found: doc/
testExpanded(): Found: doc/one-jar-license.txt
testExpanded(): Found: expand/
testExpanded(): Found: expand/subdir/
testExpanded(): Found: expand/expand.txt
testExpanded(): Found: expand/subdir/expand-subdir.txt
testExpanded(): Found: file.txt
JarClassLoader: getByteStream(index.html)
JarClassLoader: resource index.html resolved to index.html (unknown codebase)
JarClassLoader: getByteStream(index.html) -> java.io.ByteArrayInputStream@17182c1
testHtmlAnchor(): found URL with anchor OK: onejar:index.html#anchor
testExpand(): found 'expand' OK
JarClassLoader: Info: findResources(META-INF/MANIFEST.MF)
JarClassLoader: Info: findResources: looking in [wrap/wraploader.jar, main/main.jar, lib/util.jar, lib/english.jar, lib/german.jar, lib/french.jar]
JarClassLoader: FileURLFactory: url=jar:file:/C:/eclipse/projects/com.simontuffs/one-jar/dist/one-jar-example-0.97.jar!/wrap/wraploader.jar!/META-INF/MANIFEST.MF
JarClassLoader: Info: findResources(): Adding jar:file:/C:/eclipse/projects/com.simontuffs/one-jar/dist/one-jar-example-0.97.jar!/wrap/wraploader.jar!/META-INF/MANIFEST.MF to resources list.
JarClassLoader: FileURLFactory: url=jar:file:/C:/eclipse/projects/com.simontuffs/one-jar/dist/one-jar-example-0.97.jar!/main/main.jar!/META-INF/MANIFEST.MF
JarClassLoader: Info: findResources(): Adding jar:file:/C:/eclipse/projects/com.simontuffs/one-jar/dist/one-jar-example-0.97.jar!/main/main.jar!/META-INF/MANIFEST.MF to resources list.
JarClassLoader: FileURLFactory: url=jar:file:/C:/eclipse/projects/com.simontuffs/one-jar/dist/one-jar-example-0.97.jar!/lib/util.jar!/META-INF/MANIFEST.MF
JarClassLoader: Info: findResources(): Adding jar:file:/C:/eclipse/projects/com.simontuffs/one-jar/dist/one-jar-example-0.97.jar!/lib/util.jar!/META-INF/MANIFEST.MF to resources list.
JarClassLoader: FileURLFactory: url=jar:file:/C:/eclipse/projects/com.simontuffs/one-jar/dist/one-jar-example-0.97.jar!/lib/english.jar!/META-INF/MANIFEST.MF
JarClassLoader: Info: findResources(): Adding jar:file:/C:/eclipse/projects/com.simontuffs/one-jar/dist/one-jar-example-0.97.jar!/lib/english.jar!/META-INF/MANIFEST.MF to resources list.
JarClassLoader: FileURLFactory: url=jar:file:/C:/eclipse/projects/com.simontuffs/one-jar/dist/one-jar-example-0.97.jar!/lib/german.jar!/META-INF/MANIFEST.MF
JarClassLoader: Info: findResources(): Adding jar:file:/C:/eclipse/projects/com.simontuffs/one-jar/dist/one-jar-example-0.97.jar!/lib/german.jar!/META-INF/MANIFEST.MF to resources list.
JarClassLoader: FileURLFactory: url=jar:file:/C:/eclipse/projects/com.simontuffs/one-jar/dist/one-jar-example-0.97.jar!/lib/french.jar!/META-INF/MANIFEST.MF
JarClassLoader: Info: findResources(): Adding jar:file:/C:/eclipse/projects/com.simontuffs/one-jar/dist/one-jar-example-0.97.jar!/lib/french.jar!/META-INF/MANIFEST.MF to resources list.
testFindAllManifestMfs(): found: jar:file:/C:/Program%20Files/Java/jdk1.6.0_10/jre/lib/ext/sound.jar!/META-INF/MANIFEST.MF
testFindAllManifestMfs(): found: jar:file:/C:/eclipse/projects/com.simontuffs/one-jar/dist/one-jar-example-0.97.jar!/META-INF/MANIFEST.MF
testFindAllManifestMfs(): found: jar:file:/C:/eclipse/projects/com.simontuffs/one-jar/lib/junit-3.8.1.jar!/META-INF/MANIFEST.MF
testFindAllManifestMfs(): found: jar:file:/C:/Program%20Files/JMF2.1.1e/lib/sound.jar!/META-INF/MANIFEST.MF
testFindAllManifestMfs(): found: jar:file:/C:/eclipse/eclipse-3.5/eclipse/plugins/org.apache.ant_1.7.1.v20090120-1145/lib/ant-launcher.jar!/META-INF/MANIFEST.MF
testFindAllManifestMfs(): found: jar:file:/C:/eclipse/eclipse-3.5/eclipse/plugins/org.apache.ant_1.7.1.v20090120-1145/lib/ant.jar!/META-INF/MANIFEST.MF
testFindAllManifestMfs(): found: jar:file:/C:/eclipse/eclipse-3.5/eclipse/plugins/org.apache.ant_1.7.1.v20090120-1145/lib/ant-junit.jar!/META-INF/MANIFEST.MF
testFindAllManifestMfs(): found: jar:file:/C:/eclipse/projects/com.simontuffs/one-jar/dist/one-jar-example-0.97.jar!/wrap/wraploader.jar!/META-INF/MANIFEST.MF
testFindAllManifestMfs(): found: jar:file:/C:/eclipse/projects/com.simontuffs/one-jar/dist/one-jar-example-0.97.jar!/main/main.jar!/META-INF/MANIFEST.MF
testFindAllManifestMfs(): found: jar:file:/C:/eclipse/projects/com.simontuffs/one-jar/dist/one-jar-example-0.97.jar!/lib/util.jar!/META-INF/MANIFEST.MF
testFindAllManifestMfs(): found: jar:file:/C:/eclipse/projects/com.simontuffs/one-jar/dist/one-jar-example-0.97.jar!/lib/english.jar!/META-INF/MANIFEST.MF
testFindAllManifestMfs(): found: jar:file:/C:/eclipse/projects/com.simontuffs/one-jar/dist/one-jar-example-0.97.jar!/lib/german.jar!/META-INF/MANIFEST.MF
testFindAllManifestMfs(): found: jar:file:/C:/eclipse/projects/com.simontuffs/one-jar/dist/one-jar-example-0.97.jar!/lib/french.jar!/META-INF/MANIFEST.MF
testFindAllManifestMfs(): OK: found 4 or more manifests
JarClassLoader: findResource(com/simontuffs/onejar/example/main/x1.txt)
JarClassLoader: resource com/simontuffs/onejar/example/main/x1.txt resolved to com/simontuffs/onejar/example/main/x1.txt (unknown codebase)
JarClassLoader: Info: findResource() found: com/simontuffs/onejar/example/main/x1.txt for caller null in codebase main/main.jar
JarClassLoader: FileURLFactory: url=jar:file:/C:/eclipse/projects/com.simontuffs/one-jar/dist/one-jar-example-0.97.jar!/main/main.jar!/com/simontuffs/onejar/example/main/x1.txt
testRelativeURL: url1=jar:file:/C:/eclipse/projects/com.simontuffs/one-jar/dist/one-jar-example-0.97.jar!/main/main.jar!/com/simontuffs/onejar/example/main/x1.txt
url2=jar:file:/C:/eclipse/projects/com.simontuffs/one-jar/dist/one-jar-example-0.97.jar!/main/main.jar!/com/simontuffs/onejar/example/main/x2.txt
]]></system-out>

      <system-err><![CDATA[Jun 15, 2010 7:56:31 PM com.simontuffs.onejar.example.main.Test testLogging
INFO: testLogging(): Logging is working
]]></system-err>

  </testsuite>
</testsuites>
