<?xml version="1.0" encoding="UTF-8" ?>
<testsuite errors="0" failures="0" hostname="gilmore" name="com.simontuffs.onejar.args.test.SelfTestOneJarArgsSuite" tests="1" time="0.067" timestamp="2010-06-12T03:20:48">
  <properties>
[...]
</properties>
  <testcase classname="com.simontuffs.onejar.args.test.SelfTestOneJarArgsSuite$1" name="testArgs" time="0.0040" />
  <system-out><![CDATA[Boot: Checking C:\eclipse\projects\com.simontuffs\one-jar-args\build\test-one-jar-args.jar as One-Jar file
JarClassLoader: load(null,C:/eclipse/projects/com.simontuffs/one-jar-args/build/test-one-jar-args.jar)
JarClassLoader: caching main/main.jar
JarClassLoader: using jarFile.getInputStream(main/main.jar)
JarClassLoader: cached bytes for local name main/main.jar/com/
JarClassLoader: cached bytes for entry name com/
JarClassLoader: cached bytes for local name main/main.jar/com/simontuffs/
JarClassLoader: cached bytes for entry name com/simontuffs/
JarClassLoader: cached bytes for local name main/main.jar/com/simontuffs/onejar/
JarClassLoader: cached bytes for entry name com/simontuffs/onejar/
JarClassLoader: cached bytes for local name main/main.jar/com/simontuffs/onejar/args/
JarClassLoader: cached bytes for entry name com/simontuffs/onejar/args/
JarClassLoader: cached bytes for local name main/main.jar/com/simontuffs/onejar/args/test/
JarClassLoader: cached bytes for entry name com/simontuffs/onejar/args/test/
JarClassLoader: cached bytes for class com/simontuffs/onejar/args/test/Main.class
JarClassLoader: cached bytes for local name main/main.jar/com/simontuffs/onejar/example/
JarClassLoader: cached bytes for entry name com/simontuffs/onejar/example/
JarClassLoader: cached bytes for local name main/main.jar/com/simontuffs/onejar/example/main/
JarClassLoader: cached bytes for entry name com/simontuffs/onejar/example/main/
JarClassLoader: cached bytes for class com/simontuffs/onejar/example/main/Testable.class
JarClassLoader: cached bytes for local name main/main.jar/META-INF/MANIFEST.MF
JarClassLoader: cached bytes for entry name META-INF/MANIFEST.MF
JarClassLoader: caching .version
JarClassLoader: using jarFile.getInputStream(.version)
JarClassLoader: caching OneJar.class
JarClassLoader: using jarFile.getInputStream(OneJar.class)
JarClassLoader: caching com/simontuffs/onejar/Boot$1.class
JarClassLoader: using jarFile.getInputStream(com/simontuffs/onejar/Boot$1.class)
JarClassLoader: caching com/simontuffs/onejar/Boot$2.class
JarClassLoader: using jarFile.getInputStream(com/simontuffs/onejar/Boot$2.class)
JarClassLoader: caching com/simontuffs/onejar/Boot$3.class
JarClassLoader: using jarFile.getInputStream(com/simontuffs/onejar/Boot$3.class)
JarClassLoader: caching com/simontuffs/onejar/Boot.class
JarClassLoader: using jarFile.getInputStream(com/simontuffs/onejar/Boot.class)
JarClassLoader: caching com/simontuffs/onejar/Handler$1.class
JarClassLoader: using jarFile.getInputStream(com/simontuffs/onejar/Handler$1.class)
JarClassLoader: caching com/simontuffs/onejar/Handler.class
JarClassLoader: using jarFile.getInputStream(com/simontuffs/onejar/Handler.class)
JarClassLoader: caching com/simontuffs/onejar/IProperties.class
JarClassLoader: using jarFile.getInputStream(com/simontuffs/onejar/IProperties.class)
JarClassLoader: caching com/simontuffs/onejar/JarClassLoader$1.class
JarClassLoader: using jarFile.getInputStream(com/simontuffs/onejar/JarClassLoader$1.class)
JarClassLoader: caching com/simontuffs/onejar/JarClassLoader$2.class
JarClassLoader: using jarFile.getInputStream(com/simontuffs/onejar/JarClassLoader$2.class)
JarClassLoader: caching com/simontuffs/onejar/JarClassLoader$ByteCode.class
JarClassLoader: using jarFile.getInputStream(com/simontuffs/onejar/JarClassLoader$ByteCode.class)
JarClassLoader: caching com/simontuffs/onejar/JarClassLoader$FileURLFactory$1.class
JarClassLoader: using jarFile.getInputStream(com/simontuffs/onejar/JarClassLoader$FileURLFactory$1.class)
JarClassLoader: caching com/simontuffs/onejar/JarClassLoader$FileURLFactory.class
JarClassLoader: using jarFile.getInputStream(com/simontuffs/onejar/JarClassLoader$FileURLFactory.class)
JarClassLoader: caching com/simontuffs/onejar/JarClassLoader$IURLFactory$1.class
JarClassLoader: using jarFile.getInputStream(com/simontuffs/onejar/JarClassLoader$IURLFactory$1.class)
JarClassLoader: caching com/simontuffs/onejar/JarClassLoader$IURLFactory.class
JarClassLoader: using jarFile.getInputStream(com/simontuffs/onejar/JarClassLoader$IURLFactory.class)
JarClassLoader: caching com/simontuffs/onejar/JarClassLoader$OneJarURLFactory.class
JarClassLoader: using jarFile.getInputStream(com/simontuffs/onejar/JarClassLoader$OneJarURLFactory.class)
JarClassLoader: caching com/simontuffs/onejar/JarClassLoader.class
JarClassLoader: using jarFile.getInputStream(com/simontuffs/onejar/JarClassLoader.class)
JarClassLoader: caching com/simontuffs/onejar/OneJarFile$1.class
JarClassLoader: using jarFile.getInputStream(com/simontuffs/onejar/OneJarFile$1.class)
JarClassLoader: caching com/simontuffs/onejar/OneJarFile$2.class
JarClassLoader: using jarFile.getInputStream(com/simontuffs/onejar/OneJarFile$2.class)
JarClassLoader: caching com/simontuffs/onejar/OneJarFile.class
JarClassLoader: using jarFile.getInputStream(com/simontuffs/onejar/OneJarFile.class)
JarClassLoader: caching com/simontuffs/onejar/OneJarURLConnection.class
JarClassLoader: using jarFile.getInputStream(com/simontuffs/onejar/OneJarURLConnection.class)
JarClassLoader: caching doc/one-jar-license.txt
JarClassLoader: using jarFile.getInputStream(doc/one-jar-license.txt)
JarClassLoader: caching META-INF/MANIFEST.MF
JarClassLoader: using jarFile.getInputStream(META-INF/MANIFEST.MF)
JarClassLoader: findClass(com.simontuffs.onejar.args.test.Main)
JarClassLoader: found com.simontuffs.onejar.args.test.Main in codebase 'main/main.jar'
JarClassLoader: defineClass(com.simontuffs.onejar.args.test.Main)
JarClassLoader: findClass(com.simontuffs.onejar.example.main.Testable)
JarClassLoader: found com.simontuffs.onejar.example.main.Testable in codebase 'main/main.jar'
JarClassLoader: defineClass(com.simontuffs.onejar.example.main.Testable)
public void com.simontuffs.onejar.args.test.Main.testArgs()
JarClassLoader: findResource(META-INF/services/javax.xml.parsers.DocumentBuilderFactory)
JarClassLoader: resource META-INF/services/javax.xml.parsers.DocumentBuilderFactory resolved to null (unknown codebase)
JarClassLoader: Info: findResource(): unable to locate META-INF/services/javax.xml.parsers.DocumentBuilderFactory
testArgs: args=[]
]]></system-out>
  <system-err><![CDATA[]]></system-err>
</testsuite>
